{"numFailedTestSuites":0,"numFailedTests":0,"numPassedTestSuites":7,"numPassedTests":96,"numPendingTestSuites":0,"numPendingTests":0,"numRuntimeErrorTestSuites":0,"numTodoTests":0,"numTotalTestSuites":7,"numTotalTests":96,"openHandles":[],"snapshot":{"added":0,"didUpdate":false,"failure":false,"filesAdded":0,"filesRemoved":0,"filesRemovedList":[],"filesUnmatched":0,"filesUpdated":0,"matched":0,"total":0,"unchecked":0,"uncheckedKeysByFile":[],"unmatched":0,"updated":0},"startTime":1772729432628,"success":true,"testResults":[{"assertionResults":[{"ancestorTitles":["Button"],"duration":147,"failing":false,"failureDetails":[],"failureMessages":[],"fullName":"Button should render button with text","invocations":1,"location":{"column":3,"line":7},"numPassingAsserts":1,"retryReasons":[],"startAt":1772729435330,"status":"passed","title":"should render button with text"},{"ancestorTitles":["Button"],"duration":75,"failing":false,"failureDetails":[],"failureMessages":[],"fullName":"Button should render button with different variants","invocations":1,"location":{"column":3,"line":12},"numPassingAsserts":5,"retryReasons":[],"startAt":1772729435487,"status":"passed","title":"should render button with different variants"},{"ancestorTitles":["Button"],"duration":29,"failing":false,"failureDetails":[],"failureMessages":[],"fullName":"Button should render button with different sizes","invocations":1,"location":{"column":3,"line":29},"numPassingAsserts":4,"retryReasons":[],"startAt":1772729435563,"status":"passed","title":"should render button with different sizes"},{"ancestorTitles":["Button"],"duration":99,"failing":false,"failureDetails":[],"failureMessages":[],"fullName":"Button should handle click events","invocations":1,"location":{"column":3,"line":43},"numPassingAsserts":1,"retryReasons":[],"startAt":1772729435593,"status":"passed","title":"should handle click events"},{"ancestorTitles":["Button"],"duration":22,"failing":false,"failureDetails":[],"failureMessages":[],"fullName":"Button should be disabled when disabled prop is true","invocations":1,"location":{"column":3,"line":51},"numPassingAsserts":1,"retryReasons":[],"startAt":1772729435699,"status":"passed","title":"should be disabled when disabled prop is true"},{"ancestorTitles":["Button"],"duration":8,"failing":false,"failureDetails":[],"failureMessages":[],"fullName":"Button should apply custom className","invocations":1,"location":{"column":3,"line":56},"numPassingAsserts":1,"retryReasons":[],"startAt":1772729435721,"status":"passed","title":"should apply custom className"},{"ancestorTitles":["Button"],"duration":11,"failing":false,"failureDetails":[],"failureMessages":[],"fullName":"Button should render as child when asChild is true","invocations":1,"location":{"column":3,"line":61},"numPassingAsserts":2,"retryReasons":[],"startAt":1772729435730,"status":"passed","title":"should render as child when asChild is true"},{"ancestorTitles":["Button"],"duration":8,"failing":false,"failureDetails":[],"failureMessages":[],"fullName":"Button should have correct data attributes","invocations":1,"location":{"column":3,"line":71},"numPassingAsserts":3,"retryReasons":[],"startAt":1772729435742,"status":"passed","title":"should have correct data attributes"}],"endTime":1772729435829,"message":"","name":"/root/.openclaw/workspace/projects/dulcitienda/dulcitienda-app/__tests__/components/button.test.tsx","startTime":1772729433592,"status":"passed","summary":""},{"assertionResults":[{"ancestorTitles":["getProductImageUrl"],"duration":3,"failing":false,"failureDetails":[],"failureMessages":[],"fullName":"getProductImageUrl should return real image URL for Coca-Cola products","invocations":1,"location":{"column":3,"line":4},"numPassingAsserts":3,"retryReasons":[],"startAt":1772729436386,"status":"passed","title":"should return real image URL for Coca-Cola products"},{"ancestorTitles":["getProductImageUrl"],"duration":1,"failing":false,"failureDetails":[],"failureMessages":[],"fullName":"getProductImageUrl should return real image URL for Pepsi products","invocations":1,"location":{"column":3,"line":11},"numPassingAsserts":2,"retryReasons":[],"startAt":1772729436400,"status":"passed","title":"should return real image URL for Pepsi products"},{"ancestorTitles":["getProductImageUrl"],"duration":0,"failing":false,"failureDetails":[],"failureMessages":[],"fullName":"getProductImageUrl should return real image URL for snacks","invocations":1,"location":{"column":3,"line":17},"numPassingAsserts":1,"retryReasons":[],"startAt":1772729436402,"status":"passed","title":"should return real image URL for snacks"},{"ancestorTitles":["getProductImageUrl"],"duration":0,"failing":false,"failureDetails":[],"failureMessages":[],"fullName":"getProductImageUrl should return real image URL for chocolates","invocations":1,"location":{"column":3,"line":22},"numPassingAsserts":1,"retryReasons":[],"startAt":1772729436404,"status":"passed","title":"should return real image URL for chocolates"},{"ancestorTitles":["getProductImageUrl"],"duration":5,"failing":false,"failureDetails":[],"failureMessages":[],"fullName":"getProductImageUrl should return real image URL for liquors","invocations":1,"location":{"column":3,"line":27},"numPassingAsserts":1,"retryReasons":[],"startAt":1772729436405,"status":"passed","title":"should return real image URL for liquors"},{"ancestorTitles":["getProductImageUrl"],"duration":1,"failing":false,"failureDetails":[],"failureMessages":[],"fullName":"getProductImageUrl should return emoji fallback for unknown products","invocations":1,"location":{"column":3,"line":32},"numPassingAsserts":3,"retryReasons":[],"startAt":1772729436410,"status":"passed","title":"should return emoji fallback for unknown products"},{"ancestorTitles":["getProductImageUrl"],"duration":1,"failing":false,"failureDetails":[],"failureMessages":[],"fullName":"getProductImageUrl should handle case-insensitive matching","invocations":1,"location":{"column":3,"line":39},"numPassingAsserts":1,"retryReasons":[],"startAt":1772729436414,"status":"passed","title":"should handle case-insensitive matching"},{"ancestorTitles":["getProductImageUrl"],"duration":0,"failing":false,"failureDetails":[],"failureMessages":[],"fullName":"getProductImageUrl should match by exact name in database","invocations":1,"location":{"column":3,"line":45},"numPassingAsserts":1,"retryReasons":[],"startAt":1772729436418,"status":"passed","title":"should match by exact name in database"},{"ancestorTitles":["getProductImageUrl"],"duration":3,"failing":false,"failureDetails":[],"failureMessages":[],"fullName":"getProductImageUrl should return correct image for cookies","invocations":1,"location":{"column":3,"line":50},"numPassingAsserts":1,"retryReasons":[],"startAt":1772729436419,"status":"passed","title":"should return correct image for cookies"},{"ancestorTitles":["getProductImageUrl"],"duration":3,"failing":false,"failureDetails":[],"failureMessages":[],"fullName":"getProductImageUrl should return correct image for dairy products","invocations":1,"location":{"column":3,"line":55},"numPassingAsserts":1,"retryReasons":[],"startAt":1772729436422,"status":"passed","title":"should return correct image for dairy products"},{"ancestorTitles":["getProductImageUrl"],"duration":1,"failing":false,"failureDetails":[],"failureMessages":[],"fullName":"getProductImageUrl should return correct image for nuts","invocations":1,"location":{"column":3,"line":60},"numPassingAsserts":1,"retryReasons":[],"startAt":1772729436425,"status":"passed","title":"should return correct image for nuts"},{"ancestorTitles":["getProductImageUrl"],"duration":2,"failing":false,"failureDetails":[],"failureMessages":[],"fullName":"getProductImageUrl should return correct image for candies","invocations":1,"location":{"column":3,"line":65},"numPassingAsserts":1,"retryReasons":[],"startAt":1772729436426,"status":"passed","title":"should return correct image for candies"},{"ancestorTitles":["getProductImageUrl"],"duration":1,"failing":false,"failureDetails":[],"failureMessages":[],"fullName":"getProductImageUrl should return correct image for beer","invocations":1,"location":{"column":3,"line":70},"numPassingAsserts":1,"retryReasons":[],"startAt":1772729436428,"status":"passed","title":"should return correct image for beer"},{"ancestorTitles":["getProductImageUrl"],"duration":1,"failing":false,"failureDetails":[],"failureMessages":[],"fullName":"getProductImageUrl should return correct image for wine","invocations":1,"location":{"column":3,"line":75},"numPassingAsserts":1,"retryReasons":[],"startAt":1772729436429,"status":"passed","title":"should return correct image for wine"},{"ancestorTitles":["categoryColors"],"duration":4,"failing":false,"failureDetails":[],"failureMessages":[],"fullName":"categoryColors should have colors for all main categories","invocations":1,"location":{"column":3,"line":82},"numPassingAsserts":6,"retryReasons":[],"startAt":1772729436430,"status":"passed","title":"should have colors for all main categories"},{"ancestorTitles":["categoryColors"],"duration":1,"failing":false,"failureDetails":[],"failureMessages":[],"fullName":"categoryColors should return gradient classes for each category","invocations":1,"location":{"column":3,"line":91},"numPassingAsserts":2,"retryReasons":[],"startAt":1772729436434,"status":"passed","title":"should return gradient classes for each category"},{"ancestorTitles":["categoryColors"],"duration":0,"failing":false,"failureDetails":[],"failureMessages":[],"fullName":"categoryColors should have unique colors for each category","invocations":1,"location":{"column":3,"line":96},"numPassingAsserts":1,"retryReasons":[],"startAt":1772729436448,"status":"passed","title":"should have unique colors for each category"}],"endTime":1772729436508,"message":"","name":"/root/.openclaw/workspace/projects/dulcitienda/dulcitienda-app/__tests__/lib/product-images.test.ts","startTime":1772729435909,"status":"passed","summary":""},{"assertionResults":[{"ancestorTitles":["Card"],"duration":27,"failing":false,"failureDetails":[],"failureMessages":[],"fullName":"Card should render card with content","invocations":1,"location":{"column":3,"line":14},"numPassingAsserts":1,"retryReasons":[],"startAt":1772729437133,"status":"passed","title":"should render card with content"},{"ancestorTitles":["Card"],"duration":4,"failing":false,"failureDetails":[],"failureMessages":[],"fullName":"Card should have correct data attribute","invocations":1,"location":{"column":3,"line":23},"numPassingAsserts":1,"retryReasons":[],"startAt":1772729437167,"status":"passed","title":"should have correct data attribute"},{"ancestorTitles":["Card"],"duration":4,"failing":false,"failureDetails":[],"failureMessages":[],"fullName":"Card should apply custom className","invocations":1,"location":{"column":3,"line":28},"numPassingAsserts":1,"retryReasons":[],"startAt":1772729437172,"status":"passed","title":"should apply custom className"},{"ancestorTitles":["CardHeader"],"duration":5,"failing":false,"failureDetails":[],"failureMessages":[],"fullName":"CardHeader should render header with content","invocations":1,"location":{"column":3,"line":35},"numPassingAsserts":2,"retryReasons":[],"startAt":1772729437176,"status":"passed","title":"should render header with content"},{"ancestorTitles":["CardHeader"],"duration":3,"failing":false,"failureDetails":[],"failureMessages":[],"fullName":"CardHeader should have correct data attribute","invocations":1,"location":{"column":3,"line":46},"numPassingAsserts":1,"retryReasons":[],"startAt":1772729437181,"status":"passed","title":"should have correct data attribute"},{"ancestorTitles":["CardTitle"],"duration":3,"failing":false,"failureDetails":[],"failureMessages":[],"fullName":"CardTitle should render title","invocations":1,"location":{"column":3,"line":53},"numPassingAsserts":1,"retryReasons":[],"startAt":1772729437185,"status":"passed","title":"should render title"},{"ancestorTitles":["CardTitle"],"duration":2,"failing":false,"failureDetails":[],"failureMessages":[],"fullName":"CardTitle should have correct data attribute","invocations":1,"location":{"column":3,"line":58},"numPassingAsserts":1,"retryReasons":[],"startAt":1772729437189,"status":"passed","title":"should have correct data attribute"},{"ancestorTitles":["CardTitle"],"duration":3,"failing":false,"failureDetails":[],"failureMessages":[],"fullName":"CardTitle should have font-semibold class","invocations":1,"location":{"column":3,"line":63},"numPassingAsserts":1,"retryReasons":[],"startAt":1772729437192,"status":"passed","title":"should have font-semibold class"},{"ancestorTitles":["CardDescription"],"duration":3,"failing":false,"failureDetails":[],"failureMessages":[],"fullName":"CardDescription should render description","invocations":1,"location":{"column":3,"line":70},"numPassingAsserts":1,"retryReasons":[],"startAt":1772729437195,"status":"passed","title":"should render description"},{"ancestorTitles":["CardDescription"],"duration":9,"failing":false,"failureDetails":[],"failureMessages":[],"fullName":"CardDescription should have correct data attribute","invocations":1,"location":{"column":3,"line":75},"numPassingAsserts":1,"retryReasons":[],"startAt":1772729437198,"status":"passed","title":"should have correct data attribute"},{"ancestorTitles":["CardDescription"],"duration":3,"failing":false,"failureDetails":[],"failureMessages":[],"fullName":"CardDescription should have text-muted-foreground class","invocations":1,"location":{"column":3,"line":80},"numPassingAsserts":1,"retryReasons":[],"startAt":1772729437207,"status":"passed","title":"should have text-muted-foreground class"},{"ancestorTitles":["CardAction"],"duration":30,"failing":false,"failureDetails":[],"failureMessages":[],"fullName":"CardAction should render action content","invocations":1,"location":{"column":3,"line":87},"numPassingAsserts":1,"retryReasons":[],"startAt":1772729437210,"status":"passed","title":"should render action content"},{"ancestorTitles":["CardAction"],"duration":2,"failing":false,"failureDetails":[],"failureMessages":[],"fullName":"CardAction should have correct data attribute","invocations":1,"location":{"column":3,"line":92},"numPassingAsserts":1,"retryReasons":[],"startAt":1772729437241,"status":"passed","title":"should have correct data attribute"},{"ancestorTitles":["CardContent"],"duration":3,"failing":false,"failureDetails":[],"failureMessages":[],"fullName":"CardContent should render content","invocations":1,"location":{"column":3,"line":99},"numPassingAsserts":1,"retryReasons":[],"startAt":1772729437243,"status":"passed","title":"should render content"},{"ancestorTitles":["CardContent"],"duration":2,"failing":false,"failureDetails":[],"failureMessages":[],"fullName":"CardContent should have correct data attribute","invocations":1,"location":{"column":3,"line":104},"numPassingAsserts":1,"retryReasons":[],"startAt":1772729437246,"status":"passed","title":"should have correct data attribute"},{"ancestorTitles":["CardContent"],"duration":2,"failing":false,"failureDetails":[],"failureMessages":[],"fullName":"CardContent should have px-6 class","invocations":1,"location":{"column":3,"line":109},"numPassingAsserts":1,"retryReasons":[],"startAt":1772729437248,"status":"passed","title":"should have px-6 class"},{"ancestorTitles":["CardFooter"],"duration":2,"failing":false,"failureDetails":[],"failureMessages":[],"fullName":"CardFooter should render footer content","invocations":1,"location":{"column":3,"line":116},"numPassingAsserts":1,"retryReasons":[],"startAt":1772729437251,"status":"passed","title":"should render footer content"},{"ancestorTitles":["CardFooter"],"duration":2,"failing":false,"failureDetails":[],"failureMessages":[],"fullName":"CardFooter should have correct data attribute","invocations":1,"location":{"column":3,"line":121},"numPassingAsserts":1,"retryReasons":[],"startAt":1772729437254,"status":"passed","title":"should have correct data attribute"},{"ancestorTitles":["CardFooter"],"duration":2,"failing":false,"failureDetails":[],"failureMessages":[],"fullName":"CardFooter should have flex and items-center classes","invocations":1,"location":{"column":3,"line":126},"numPassingAsserts":1,"retryReasons":[],"startAt":1772729437257,"status":"passed","title":"should have flex and items-center classes"},{"ancestorTitles":["Complete Card Composition"],"duration":12,"failing":false,"failureDetails":[],"failureMessages":[],"fullName":"Complete Card Composition should render a complete card with all elements","invocations":1,"location":{"column":3,"line":133},"numPassingAsserts":4,"retryReasons":[],"startAt":1772729437260,"status":"passed","title":"should render a complete card with all elements"}],"endTime":1772729437324,"message":"","name":"/root/.openclaw/workspace/projects/dulcitienda/dulcitienda-app/__tests__/components/card.test.tsx","startTime":1772729436545,"status":"passed","summary":""},{"assertionResults":[{"ancestorTitles":["useCart"],"duration":17,"failing":false,"failureDetails":[],"failureMessages":[],"fullName":"useCart should initialize with empty cart","invocations":1,"location":{"column":3,"line":121},"numPassingAsserts":3,"retryReasons":[],"startAt":1772729437831,"status":"passed","title":"should initialize with empty cart"},{"ancestorTitles":["useCart"],"duration":8,"failing":false,"failureDetails":[],"failureMessages":[],"fullName":"useCart should add item to cart","invocations":1,"location":{"column":3,"line":128},"numPassingAsserts":3,"retryReasons":[],"startAt":1772729437858,"status":"passed","title":"should add item to cart"},{"ancestorTitles":["useCart"],"duration":6,"failing":false,"failureDetails":[],"failureMessages":[],"fullName":"useCart should update quantity when adding existing item","invocations":1,"location":{"column":3,"line":146},"numPassingAsserts":3,"retryReasons":[],"startAt":1772729437870,"status":"passed","title":"should update quantity when adding existing item"},{"ancestorTitles":["useCart"],"duration":12,"failing":false,"failureDetails":[],"failureMessages":[],"fullName":"useCart should remove item from cart","invocations":1,"location":{"column":3,"line":174},"numPassingAsserts":1,"retryReasons":[],"startAt":1772729437877,"status":"passed","title":"should remove item from cart"},{"ancestorTitles":["useCart"],"duration":3,"failing":false,"failureDetails":[],"failureMessages":[],"fullName":"useCart should update item quantity","invocations":1,"location":{"column":3,"line":194},"numPassingAsserts":1,"retryReasons":[],"startAt":1772729437889,"status":"passed","title":"should update item quantity"},{"ancestorTitles":["useCart"],"duration":1,"failing":false,"failureDetails":[],"failureMessages":[],"fullName":"useCart should not update quantity below 1","invocations":1,"location":{"column":3,"line":214},"numPassingAsserts":1,"retryReasons":[],"startAt":1772729437893,"status":"passed","title":"should not update quantity below 1"},{"ancestorTitles":["useCart"],"duration":2,"failing":false,"failureDetails":[],"failureMessages":[],"fullName":"useCart should clear cart","invocations":1,"location":{"column":3,"line":234},"numPassingAsserts":2,"retryReasons":[],"startAt":1772729437895,"status":"passed","title":"should clear cart"},{"ancestorTitles":["useCart"],"duration":2,"failing":false,"failureDetails":[],"failureMessages":[],"fullName":"useCart should calculate subtotal correctly","invocations":1,"location":{"column":3,"line":262},"numPassingAsserts":1,"retryReasons":[],"startAt":1772729437898,"status":"passed","title":"should calculate subtotal correctly"},{"ancestorTitles":["useCart"],"duration":2,"failing":false,"failureDetails":[],"failureMessages":[],"fullName":"useCart should persist cart to localStorage","invocations":1,"location":{"column":3,"line":286},"numPassingAsserts":1,"retryReasons":[],"startAt":1772729437900,"status":"passed","title":"should persist cart to localStorage"}],"endTime":1772729437947,"message":"","name":"/root/.openclaw/workspace/projects/dulcitienda/dulcitienda-app/__tests__/hooks/useCart.test.ts","startTime":1772729437370,"status":"passed","summary":""},{"assertionResults":[{"ancestorTitles":["SearchQuerySchema"],"duration":4,"failing":false,"failureDetails":[],"failureMessages":[],"fullName":"SearchQuerySchema should validate valid search queries","invocations":1,"location":{"column":3,"line":14},"numPassingAsserts":5,"retryReasons":[],"startAt":1772729438374,"status":"passed","title":"should validate valid search queries"},{"ancestorTitles":["SearchQuerySchema"],"duration":3,"failing":false,"failureDetails":[],"failureMessages":[],"fullName":"SearchQuerySchema should reject queries that are too short","invocations":1,"location":{"column":3,"line":22},"numPassingAsserts":2,"retryReasons":[],"startAt":1772729438395,"status":"passed","title":"should reject queries that are too short"},{"ancestorTitles":["SearchQuerySchema"],"duration":4,"failing":false,"failureDetails":[],"failureMessages":[],"fullName":"SearchQuerySchema should reject queries that are too long","invocations":1,"location":{"column":3,"line":27},"numPassingAsserts":1,"retryReasons":[],"startAt":1772729438399,"status":"passed","title":"should reject queries that are too long"},{"ancestorTitles":["SearchQuerySchema"],"duration":5,"failing":false,"failureDetails":[],"failureMessages":[],"fullName":"SearchQuerySchema should reject queries with invalid characters","invocations":1,"location":{"column":3,"line":32},"numPassingAsserts":3,"retryReasons":[],"startAt":1772729438403,"status":"passed","title":"should reject queries with invalid characters"},{"ancestorTitles":["CartItemSchema"],"duration":2,"failing":false,"failureDetails":[],"failureMessages":[],"fullName":"CartItemSchema should validate valid cart items","invocations":1,"location":{"column":3,"line":49},"numPassingAsserts":1,"retryReasons":[],"startAt":1772729438410,"status":"passed","title":"should validate valid cart items"},{"ancestorTitles":["CartItemSchema"],"duration":2,"failing":false,"failureDetails":[],"failureMessages":[],"fullName":"CartItemSchema should reject missing required fields","invocations":1,"location":{"column":3,"line":53},"numPassingAsserts":3,"retryReasons":[],"startAt":1772729438413,"status":"passed","title":"should reject missing required fields"},{"ancestorTitles":["CartItemSchema"],"duration":1,"failing":false,"failureDetails":[],"failureMessages":[],"fullName":"CartItemSchema should reject negative prices","invocations":1,"location":{"column":3,"line":59},"numPassingAsserts":2,"retryReasons":[],"startAt":1772729438415,"status":"passed","title":"should reject negative prices"},{"ancestorTitles":["CartItemSchema"],"duration":3,"failing":false,"failureDetails":[],"failureMessages":[],"fullName":"CartItemSchema should reject invalid quantities","invocations":1,"location":{"column":3,"line":64},"numPassingAsserts":4,"retryReasons":[],"startAt":1772729438417,"status":"passed","title":"should reject invalid quantities"},{"ancestorTitles":["CartItemSchema"],"duration":1,"failing":false,"failureDetails":[],"failureMessages":[],"fullName":"CartItemSchema should reject names that are too long","invocations":1,"location":{"column":3,"line":71},"numPassingAsserts":1,"retryReasons":[],"startAt":1772729438420,"status":"passed","title":"should reject names that are too long"},{"ancestorTitles":["QuantitySchema"],"duration":1,"failing":false,"failureDetails":[],"failureMessages":[],"fullName":"QuantitySchema should validate valid quantities","invocations":1,"location":{"column":3,"line":78},"numPassingAsserts":3,"retryReasons":[],"startAt":1772729438422,"status":"passed","title":"should validate valid quantities"},{"ancestorTitles":["QuantitySchema"],"duration":3,"failing":false,"failureDetails":[],"failureMessages":[],"fullName":"QuantitySchema should reject invalid quantities","invocations":1,"location":{"column":3,"line":84},"numPassingAsserts":4,"retryReasons":[],"startAt":1772729438423,"status":"passed","title":"should reject invalid quantities"},{"ancestorTitles":["SkuSchema"],"duration":1,"failing":false,"failureDetails":[],"failureMessages":[],"fullName":"SkuSchema should validate valid SKUs","invocations":1,"location":{"column":3,"line":93},"numPassingAsserts":4,"retryReasons":[],"startAt":1772729438426,"status":"passed","title":"should validate valid SKUs"},{"ancestorTitles":["SkuSchema"],"duration":2,"failing":false,"failureDetails":[],"failureMessages":[],"fullName":"SkuSchema should reject invalid SKUs","invocations":1,"location":{"column":3,"line":100},"numPassingAsserts":5,"retryReasons":[],"startAt":1772729438427,"status":"passed","title":"should reject invalid SKUs"},{"ancestorTitles":["PhoneSchema"],"duration":1,"failing":false,"failureDetails":[],"failureMessages":[],"fullName":"PhoneSchema should validate valid Colombian phone numbers","invocations":1,"location":{"column":3,"line":110},"numPassingAsserts":2,"retryReasons":[],"startAt":1772729438429,"status":"passed","title":"should validate valid Colombian phone numbers"},{"ancestorTitles":["PhoneSchema"],"duration":9,"failing":false,"failureDetails":[],"failureMessages":[],"fullName":"PhoneSchema should reject invalid phone numbers","invocations":1,"location":{"column":3,"line":115},"numPassingAsserts":4,"retryReasons":[],"startAt":1772729438430,"status":"passed","title":"should reject invalid phone numbers"},{"ancestorTitles":["EmailSchema"],"duration":1,"failing":false,"failureDetails":[],"failureMessages":[],"fullName":"EmailSchema should validate valid emails","invocations":1,"location":{"column":3,"line":124},"numPassingAsserts":3,"retryReasons":[],"startAt":1772729438440,"status":"passed","title":"should validate valid emails"},{"ancestorTitles":["EmailSchema"],"duration":2,"failing":false,"failureDetails":[],"failureMessages":[],"fullName":"EmailSchema should reject invalid emails","invocations":1,"location":{"column":3,"line":130},"numPassingAsserts":3,"retryReasons":[],"startAt":1772729438441,"status":"passed","title":"should reject invalid emails"},{"ancestorTitles":["sanitizeString"],"duration":1,"failing":false,"failureDetails":[],"failureMessages":[],"fullName":"sanitizeString should escape HTML characters","invocations":1,"location":{"column":3,"line":138},"numPassingAsserts":3,"retryReasons":[],"startAt":1772729438443,"status":"passed","title":"should escape HTML characters"},{"ancestorTitles":["sanitizeString"],"duration":0,"failing":false,"failureDetails":[],"failureMessages":[],"fullName":"sanitizeString should trim whitespace","invocations":1,"location":{"column":3,"line":144},"numPassingAsserts":2,"retryReasons":[],"startAt":1772729438444,"status":"passed","title":"should trim whitespace"},{"ancestorTitles":["sanitizeString"],"duration":0,"failing":false,"failureDetails":[],"failureMessages":[],"fullName":"sanitizeString should handle safe strings","invocations":1,"location":{"column":3,"line":149},"numPassingAsserts":2,"retryReasons":[],"startAt":1772729438445,"status":"passed","title":"should handle safe strings"},{"ancestorTitles":["validateSearchQuery"],"duration":1,"failing":false,"failureDetails":[],"failureMessages":[],"fullName":"validateSearchQuery should validate and sanitize search queries","invocations":1,"location":{"column":3,"line":156},"numPassingAsserts":2,"retryReasons":[],"startAt":1772729438445,"status":"passed","title":"should validate and sanitize search queries"},{"ancestorTitles":["validateSearchQuery"],"duration":1,"failing":false,"failureDetails":[],"failureMessages":[],"fullName":"validateSearchQuery should sanitize HTML in search queries","invocations":1,"location":{"column":3,"line":162},"numPassingAsserts":2,"retryReasons":[],"startAt":1772729438446,"status":"passed","title":"should sanitize HTML in search queries"},{"ancestorTitles":["validateSearchQuery"],"duration":1,"failing":false,"failureDetails":[],"failureMessages":[],"fullName":"validateSearchQuery should return error for invalid queries","invocations":1,"location":{"column":3,"line":168},"numPassingAsserts":2,"retryReasons":[],"startAt":1772729438447,"status":"passed","title":"should return error for invalid queries"},{"ancestorTitles":["validateCartItem"],"duration":1,"failing":false,"failureDetails":[],"failureMessages":[],"fullName":"validateCartItem should validate valid cart items","invocations":1,"location":{"column":3,"line":185},"numPassingAsserts":2,"retryReasons":[],"startAt":1772729438448,"status":"passed","title":"should validate valid cart items"},{"ancestorTitles":["validateCartItem"],"duration":1,"failing":false,"failureDetails":[],"failureMessages":[],"fullName":"validateCartItem should return error for invalid items","invocations":1,"location":{"column":3,"line":191},"numPassingAsserts":2,"retryReasons":[],"startAt":1772729438449,"status":"passed","title":"should return error for invalid items"},{"ancestorTitles":["validateCartItem"],"duration":0,"failing":false,"failureDetails":[],"failureMessages":[],"fullName":"validateCartItem should return error for missing fields","invocations":1,"location":{"column":3,"line":197},"numPassingAsserts":2,"retryReasons":[],"startAt":1772729438450,"status":"passed","title":"should return error for missing fields"}],"endTime":1772729438500,"message":"","name":"/root/.openclaw/workspace/projects/dulcitienda/dulcitienda-app/__tests__/lib/validation.test.ts","startTime":1772729437983,"status":"passed","summary":""},{"assertionResults":[{"ancestorTitles":["cn"],"duration":8,"failing":false,"failureDetails":[],"failureMessages":[],"fullName":"cn should merge class names","invocations":1,"location":{"column":3,"line":4},"numPassingAsserts":1,"retryReasons":[],"startAt":1772729438922,"status":"passed","title":"should merge class names"},{"ancestorTitles":["cn"],"duration":1,"failing":false,"failureDetails":[],"failureMessages":[],"fullName":"cn should handle conditional classes","invocations":1,"location":{"column":3,"line":8},"numPassingAsserts":2,"retryReasons":[],"startAt":1772729438936,"status":"passed","title":"should handle conditional classes"},{"ancestorTitles":["cn"],"duration":2,"failing":false,"failureDetails":[],"failureMessages":[],"fullName":"cn should handle undefined and null","invocations":1,"location":{"column":3,"line":13},"numPassingAsserts":2,"retryReasons":[],"startAt":1772729438938,"status":"passed","title":"should handle undefined and null"},{"ancestorTitles":["cn"],"duration":4,"failing":false,"failureDetails":[],"failureMessages":[],"fullName":"cn should merge tailwind classes correctly","invocations":1,"location":{"column":3,"line":18},"numPassingAsserts":2,"retryReasons":[],"startAt":1772729438943,"status":"passed","title":"should merge tailwind classes correctly"},{"ancestorTitles":["cn"],"duration":1,"failing":false,"failureDetails":[],"failureMessages":[],"fullName":"cn should handle complex class combinations","invocations":1,"location":{"column":3,"line":23},"numPassingAsserts":1,"retryReasons":[],"startAt":1772729438947,"status":"passed","title":"should handle complex class combinations"}],"endTime":1772729438989,"message":"","name":"/root/.openclaw/workspace/projects/dulcitienda/dulcitienda-app/__tests__/lib/utils.test.ts","startTime":1772729438551,"status":"passed","summary":""},{"assertionResults":[{"ancestorTitles":["Convex Products API"],"duration":3,"failing":false,"failureDetails":[],"failureMessages":[],"fullName":"Convex Products API should fetch products with pagination","invocations":1,"location":{"column":3,"line":99},"numPassingAsserts":2,"retryReasons":[],"startAt":1772729439399,"status":"passed","title":"should fetch products with pagination"},{"ancestorTitles":["Convex Products API"],"duration":1,"failing":false,"failureDetails":[],"failureMessages":[],"fullName":"Convex Products API should fetch a single product by SKU","invocations":1,"location":{"column":3,"line":120},"numPassingAsserts":2,"retryReasons":[],"startAt":1772729439414,"status":"passed","title":"should fetch a single product by SKU"},{"ancestorTitles":["Convex Products API"],"duration":1,"failing":false,"failureDetails":[],"failureMessages":[],"fullName":"Convex Products API should fetch featured products","invocations":1,"location":{"column":3,"line":129},"numPassingAsserts":2,"retryReasons":[],"startAt":1772729439416,"status":"passed","title":"should fetch featured products"},{"ancestorTitles":["Convex Products API"],"duration":1,"failing":false,"failureDetails":[],"failureMessages":[],"fullName":"Convex Products API should fetch categories","invocations":1,"location":{"column":3,"line":138},"numPassingAsserts":2,"retryReasons":[],"startAt":1772729439418,"status":"passed","title":"should fetch categories"},{"ancestorTitles":["Convex Products API"],"duration":2,"failing":false,"failureDetails":[],"failureMessages":[],"fullName":"Convex Products API should search products","invocations":1,"location":{"column":3,"line":147},"numPassingAsserts":2,"retryReasons":[],"startAt":1772729439419,"status":"passed","title":"should search products"},{"ancestorTitles":["Convex Products API"],"duration":1,"failing":false,"failureDetails":[],"failureMessages":[],"fullName":"Convex Products API should handle undefined return for loading state","invocations":1,"location":{"column":3,"line":156},"numPassingAsserts":1,"retryReasons":[],"startAt":1772729439421,"status":"passed","title":"should handle undefined return for loading state"},{"ancestorTitles":["Convex Orders API"],"duration":2,"failing":false,"failureDetails":[],"failureMessages":[],"fullName":"Convex Orders API should create an order","invocations":1,"location":{"column":3,"line":170},"numPassingAsserts":3,"retryReasons":[],"startAt":1772729439423,"status":"passed","title":"should create an order"},{"ancestorTitles":["Convex Orders API"],"duration":1,"failing":false,"failureDetails":[],"failureMessages":[],"fullName":"Convex Orders API should fetch customer orders","invocations":1,"location":{"column":3,"line":206},"numPassingAsserts":2,"retryReasons":[],"startAt":1772729439425,"status":"passed","title":"should fetch customer orders"},{"ancestorTitles":["Convex Orders API"],"duration":1,"failing":false,"failureDetails":[],"failureMessages":[],"fullName":"Convex Orders API should fetch order by number","invocations":1,"location":{"column":3,"line":215},"numPassingAsserts":2,"retryReasons":[],"startAt":1772729439427,"status":"passed","title":"should fetch order by number"},{"ancestorTitles":["Convex Orders API"],"duration":10,"failing":false,"failureDetails":[],"failureMessages":[],"fullName":"Convex Orders API should update order status","invocations":1,"location":{"column":3,"line":224},"numPassingAsserts":2,"retryReasons":[],"startAt":1772729439429,"status":"passed","title":"should update order status"},{"ancestorTitles":["Convex Error Handling"],"duration":1,"failing":false,"failureDetails":[],"failureMessages":[],"fullName":"Convex Error Handling should handle network errors","invocations":1,"location":{"column":3,"line":245},"numPassingAsserts":1,"retryReasons":[],"startAt":1772729439440,"status":"passed","title":"should handle network errors"}],"endTime":1772729439486,"message":"","name":"/root/.openclaw/workspace/projects/dulcitienda/dulcitienda-app/__tests__/convex/api.test.ts","startTime":1772729439023,"status":"passed","summary":""}],"wasInterrupted":false,"coverageMap":{"/root/.openclaw/workspace/projects/dulcitienda/dulcitienda-app/components/ConvexClientProvider.tsx":{"path":"/root/.openclaw/workspace/projects/dulcitienda/dulcitienda-app/components/ConvexClientProvider.tsx","all":true,"statementMap":{"0":{"start":{"line":1,"column":0},"end":{"line":1,"column":13}},"1":{"start":{"line":2,"column":0},"end":{"line":2,"column":0}},"2":{"start":{"line":3,"column":0},"end":{"line":3,"column":34}},"3":{"start":{"line":4,"column":0},"end":{"line":4,"column":65}},"4":{"start":{"line":5,"column":0},"end":{"line":5,"column":0}},"5":{"start":{"line":6,"column":0},"end":{"line":6,"column":74}},"6":{"start":{"line":7,"column":0},"end":{"line":7,"column":0}},"7":{"start":{"line":8,"column":0},"end":{"line":8,"column":46}},"8":{"start":{"line":9,"column":0},"end":{"line":9,"column":11}},"9":{"start":{"line":10,"column":0},"end":{"line":10,"column":4}},"10":{"start":{"line":11,"column":0},"end":{"line":11,"column":22}},"11":{"start":{"line":12,"column":0},"end":{"line":12,"column":4}},"12":{"start":{"line":13,"column":0},"end":{"line":13,"column":69}},"13":{"start":{"line":14,"column":0},"end":{"line":14,"column":1}}},"s":{"0":0,"1":0,"2":0,"3":0,"4":0,"5":0,"6":0,"7":0,"8":0,"9":0,"10":0,"11":0,"12":0,"13":0},"branchMap":{"0":{"type":"branch","line":1,"loc":{"start":{"line":1,"column":0},"end":{"line":14,"column":1}},"locations":[{"start":{"line":1,"column":0},"end":{"line":14,"column":1}}]}},"b":{"0":[0]},"fnMap":{"0":{"name":"(empty-report)","decl":{"start":{"line":1,"column":0},"end":{"line":14,"column":1}},"loc":{"start":{"line":1,"column":0},"end":{"line":14,"column":1}},"line":1}},"f":{"0":0}},"/root/.openclaw/workspace/projects/dulcitienda/dulcitienda-app/components/ImageUpload.tsx":{"path":"/root/.openclaw/workspace/projects/dulcitienda/dulcitienda-app/components/ImageUpload.tsx","all":true,"statementMap":{"0":{"start":{"line":1,"column":0},"end":{"line":1,"column":13}},"1":{"start":{"line":2,"column":0},"end":{"line":2,"column":0}},"2":{"start":{"line":3,"column":0},"end":{"line":3,"column":53}},"3":{"start":{"line":4,"column":0},"end":{"line":4,"column":45}},"4":{"start":{"line":5,"column":0},"end":{"line":5,"column":83}},"5":{"start":{"line":6,"column":0},"end":{"line":6,"column":33}},"6":{"start":{"line":7,"column":0},"end":{"line":7,"column":0}},"7":{"start":{"line":8,"column":0},"end":{"line":8,"column":29}},"8":{"start":{"line":9,"column":0},"end":{"line":9,"column":13}},"9":{"start":{"line":10,"column":0},"end":{"line":10,"column":13}},"10":{"start":{"line":11,"column":0},"end":{"line":11,"column":18}},"11":{"start":{"line":12,"column":0},"end":{"line":12,"column":19}},"12":{"start":{"line":13,"column":0},"end":{"line":13,"column":56}},"13":{"start":{"line":14,"column":0},"end":{"line":14,"column":17}},"14":{"start":{"line":15,"column":0},"end":{"line":15,"column":23}},"15":{"start":{"line":16,"column":0},"end":{"line":16,"column":1}},"16":{"start":{"line":17,"column":0},"end":{"line":17,"column":0}},"17":{"start":{"line":18,"column":0},"end":{"line":18,"column":28}},"18":{"start":{"line":19,"column":0},"end":{"line":19,"column":19}},"19":{"start":{"line":20,"column":0},"end":{"line":20,"column":37}},"20":{"start":{"line":21,"column":0},"end":{"line":21,"column":52}},"21":{"start":{"line":22,"column":0},"end":{"line":22,"column":20}},"22":{"start":{"line":23,"column":0},"end":{"line":23,"column":31}},"23":{"start":{"line":24,"column":0},"end":{"line":24,"column":27}},"24":{"start":{"line":25,"column":0},"end":{"line":25,"column":21}},"25":{"start":{"line":26,"column":0},"end":{"line":26,"column":21}},"26":{"start":{"line":27,"column":0},"end":{"line":27,"column":1}},"27":{"start":{"line":28,"column":0},"end":{"line":28,"column":0}},"28":{"start":{"line":29,"column":0},"end":{"line":29,"column":48}},"29":{"start":{"line":30,"column":0},"end":{"line":30,"column":32}},"30":{"start":{"line":31,"column":0},"end":{"line":31,"column":15}},"31":{"start":{"line":32,"column":0},"end":{"line":32,"column":14}},"32":{"start":{"line":33,"column":0},"end":{"line":33,"column":15}},"33":{"start":{"line":34,"column":0},"end":{"line":34,"column":14}},"34":{"start":{"line":35,"column":0},"end":{"line":35,"column":2}},"35":{"start":{"line":36,"column":0},"end":{"line":36,"column":0}},"36":{"start":{"line":37,"column":0},"end":{"line":37,"column":29}},"37":{"start":{"line":38,"column":0},"end":{"line":38,"column":13}},"38":{"start":{"line":39,"column":0},"end":{"line":39,"column":11}},"39":{"start":{"line":40,"column":0},"end":{"line":40,"column":11}},"40":{"start":{"line":41,"column":0},"end":{"line":41,"column":15}},"41":{"start":{"line":42,"column":0},"end":{"line":42,"column":29}},"42":{"start":{"line":43,"column":0},"end":{"line":43,"column":41}},"43":{"start":{"line":44,"column":0},"end":{"line":44,"column":12}},"44":{"start":{"line":45,"column":0},"end":{"line":45,"column":19}},"45":{"start":{"line":46,"column":0},"end":{"line":46,"column":22}},"46":{"start":{"line":47,"column":0},"end":{"line":47,"column":55}},"47":{"start":{"line":48,"column":0},"end":{"line":48,"column":54}},"48":{"start":{"line":49,"column":0},"end":{"line":49,"column":0}},"49":{"start":{"line":50,"column":0},"end":{"line":50,"column":67}},"50":{"start":{"line":51,"column":0},"end":{"line":51,"column":0}},"51":{"start":{"line":52,"column":0},"end":{"line":52,"column":49}},"52":{"start":{"line":53,"column":0},"end":{"line":53,"column":37}},"53":{"start":{"line":54,"column":0},"end":{"line":54,"column":4}},"54":{"start":{"line":55,"column":0},"end":{"line":55,"column":0}},"55":{"start":{"line":56,"column":0},"end":{"line":56,"column":29}},"56":{"start":{"line":57,"column":0},"end":{"line":57,"column":60}},"57":{"start":{"line":58,"column":0},"end":{"line":58,"column":27}},"58":{"start":{"line":59,"column":0},"end":{"line":59,"column":0}},"59":{"start":{"line":60,"column":0},"end":{"line":60,"column":30}},"60":{"start":{"line":61,"column":0},"end":{"line":61,"column":37}},"61":{"start":{"line":62,"column":0},"end":{"line":62,"column":68}},"62":{"start":{"line":63,"column":0},"end":{"line":63,"column":34}},"63":{"start":{"line":64,"column":0},"end":{"line":64,"column":29}},"64":{"start":{"line":65,"column":0},"end":{"line":65,"column":17}},"65":{"start":{"line":66,"column":0},"end":{"line":66,"column":41}},"66":{"start":{"line":67,"column":0},"end":{"line":67,"column":24}},"67":{"start":{"line":68,"column":0},"end":{"line":68,"column":28}},"68":{"start":{"line":69,"column":0},"end":{"line":69,"column":64}},"69":{"start":{"line":70,"column":0},"end":{"line":70,"column":12}},"70":{"start":{"line":71,"column":0},"end":{"line":71,"column":10}},"71":{"start":{"line":72,"column":0},"end":{"line":72,"column":62}},"72":{"start":{"line":73,"column":0},"end":{"line":73,"column":15}},"73":{"start":{"line":74,"column":0},"end":{"line":74,"column":7}},"74":{"start":{"line":75,"column":0},"end":{"line":75,"column":0}},"75":{"start":{"line":76,"column":0},"end":{"line":76,"column":30}},"76":{"start":{"line":77,"column":0},"end":{"line":77,"column":78}},"77":{"start":{"line":78,"column":0},"end":{"line":78,"column":36}},"78":{"start":{"line":79,"column":0},"end":{"line":79,"column":56}},"79":{"start":{"line":80,"column":0},"end":{"line":80,"column":15}},"80":{"start":{"line":81,"column":0},"end":{"line":81,"column":7}},"81":{"start":{"line":82,"column":0},"end":{"line":82,"column":0}},"82":{"start":{"line":83,"column":0},"end":{"line":83,"column":28}},"83":{"start":{"line":84,"column":0},"end":{"line":84,"column":67}},"84":{"start":{"line":85,"column":0},"end":{"line":85,"column":25}},"85":{"start":{"line":86,"column":0},"end":{"line":86,"column":13}},"86":{"start":{"line":87,"column":0},"end":{"line":87,"column":37}},"87":{"start":{"line":88,"column":0},"end":{"line":88,"column":20}},"88":{"start":{"line":89,"column":0},"end":{"line":89,"column":26}},"89":{"start":{"line":90,"column":0},"end":{"line":90,"column":10}},"90":{"start":{"line":91,"column":0},"end":{"line":91,"column":0}},"91":{"start":{"line":92,"column":0},"end":{"line":92,"column":49}},"92":{"start":{"line":93,"column":0},"end":{"line":93,"column":0}},"93":{"start":{"line":94,"column":0},"end":{"line":94,"column":41}},"94":{"start":{"line":95,"column":0},"end":{"line":95,"column":21}},"95":{"start":{"line":96,"column":0},"end":{"line":96,"column":33}},"96":{"start":{"line":97,"column":0},"end":{"line":97,"column":7}},"97":{"start":{"line":98,"column":0},"end":{"line":98,"column":6}},"98":{"start":{"line":99,"column":0},"end":{"line":99,"column":62}},"99":{"start":{"line":100,"column":0},"end":{"line":100,"column":4}},"100":{"start":{"line":101,"column":0},"end":{"line":101,"column":0}},"101":{"start":{"line":102,"column":0},"end":{"line":102,"column":69}},"102":{"start":{"line":103,"column":0},"end":{"line":103,"column":11}},"103":{"start":{"line":104,"column":0},"end":{"line":104,"column":78}},"104":{"start":{"line":105,"column":0},"end":{"line":105,"column":12}},"105":{"start":{"line":106,"column":0},"end":{"line":106,"column":53}},"106":{"start":{"line":107,"column":0},"end":{"line":107,"column":66}},"107":{"start":{"line":108,"column":0},"end":{"line":108,"column":43}},"108":{"start":{"line":109,"column":0},"end":{"line":109,"column":44}},"109":{"start":{"line":110,"column":0},"end":{"line":110,"column":47}},"110":{"start":{"line":111,"column":0},"end":{"line":111,"column":47}},"111":{"start":{"line":112,"column":0},"end":{"line":112,"column":5}},"112":{"start":{"line":113,"column":0},"end":{"line":113,"column":0}},"113":{"start":{"line":114,"column":0},"end":{"line":114,"column":38}},"114":{"start":{"line":115,"column":0},"end":{"line":115,"column":24}},"115":{"start":{"line":116,"column":0},"end":{"line":116,"column":49}},"116":{"start":{"line":117,"column":0},"end":{"line":117,"column":17}},"117":{"start":{"line":118,"column":0},"end":{"line":118,"column":42}},"118":{"start":{"line":119,"column":0},"end":{"line":119,"column":7}},"119":{"start":{"line":120,"column":0},"end":{"line":120,"column":45}},"120":{"start":{"line":121,"column":0},"end":{"line":121,"column":7}},"121":{"start":{"line":122,"column":0},"end":{"line":122,"column":4}},"122":{"start":{"line":123,"column":0},"end":{"line":123,"column":0}},"123":{"start":{"line":124,"column":0},"end":{"line":124,"column":46}},"124":{"start":{"line":125,"column":0},"end":{"line":125,"column":45}},"125":{"start":{"line":126,"column":0},"end":{"line":126,"column":4}},"126":{"start":{"line":127,"column":0},"end":{"line":127,"column":0}},"127":{"start":{"line":128,"column":0},"end":{"line":128,"column":53}},"128":{"start":{"line":129,"column":0},"end":{"line":129,"column":34}},"129":{"start":{"line":130,"column":0},"end":{"line":130,"column":19}},"130":{"start":{"line":131,"column":0},"end":{"line":131,"column":42}},"131":{"start":{"line":132,"column":0},"end":{"line":132,"column":56}},"132":{"start":{"line":133,"column":0},"end":{"line":133,"column":76}},"133":{"start":{"line":134,"column":0},"end":{"line":134,"column":4}},"134":{"start":{"line":135,"column":0},"end":{"line":135,"column":0}},"135":{"start":{"line":136,"column":0},"end":{"line":136,"column":49}},"136":{"start":{"line":137,"column":0},"end":{"line":137,"column":56}},"137":{"start":{"line":138,"column":0},"end":{"line":138,"column":0}},"138":{"start":{"line":139,"column":0},"end":{"line":139,"column":10}},"139":{"start":{"line":140,"column":0},"end":{"line":140,"column":48}},"140":{"start":{"line":141,"column":0},"end":{"line":141,"column":25}},"141":{"start":{"line":142,"column":0},"end":{"line":142,"column":22}},"142":{"start":{"line":143,"column":0},"end":{"line":143,"column":12}},"143":{"start":{"line":144,"column":0},"end":{"line":144,"column":29}},"144":{"start":{"line":145,"column":0},"end":{"line":145,"column":24}},"145":{"start":{"line":146,"column":0},"end":{"line":146,"column":104}},"146":{"start":{"line":147,"column":0},"end":{"line":147,"column":56}},"147":{"start":{"line":148,"column":0},"end":{"line":148,"column":38}},"148":{"start":{"line":149,"column":0},"end":{"line":149,"column":44}},"149":{"start":{"line":150,"column":0},"end":{"line":150,"column":48}},"150":{"start":{"line":151,"column":0},"end":{"line":151,"column":55}},"151":{"start":{"line":152,"column":0},"end":{"line":152,"column":12}},"152":{"start":{"line":153,"column":0},"end":{"line":153,"column":9}},"153":{"start":{"line":154,"column":0},"end":{"line":154,"column":40}},"154":{"start":{"line":155,"column":0},"end":{"line":155,"column":91}},"155":{"start":{"line":156,"column":0},"end":{"line":156,"column":16}},"156":{"start":{"line":157,"column":0},"end":{"line":157,"column":28}},"157":{"start":{"line":158,"column":0},"end":{"line":158,"column":92}},"158":{"start":{"line":159,"column":0},"end":{"line":159,"column":42}},"159":{"start":{"line":160,"column":0},"end":{"line":160,"column":47}},"160":{"start":{"line":161,"column":0},"end":{"line":161,"column":47}},"161":{"start":{"line":162,"column":0},"end":{"line":162,"column":16}},"162":{"start":{"line":163,"column":0},"end":{"line":163,"column":13}},"163":{"start":{"line":164,"column":0},"end":{"line":164,"column":45}},"164":{"start":{"line":165,"column":0},"end":{"line":165,"column":61}},"165":{"start":{"line":166,"column":0},"end":{"line":166,"column":19}},"166":{"start":{"line":167,"column":0},"end":{"line":167,"column":49}},"167":{"start":{"line":168,"column":0},"end":{"line":168,"column":16}},"168":{"start":{"line":169,"column":0},"end":{"line":169,"column":18}},"169":{"start":{"line":170,"column":0},"end":{"line":170,"column":17}},"170":{"start":{"line":171,"column":0},"end":{"line":171,"column":63}},"171":{"start":{"line":172,"column":0},"end":{"line":172,"column":29}},"172":{"start":{"line":173,"column":0},"end":{"line":173,"column":46}},"173":{"start":{"line":174,"column":0},"end":{"line":174,"column":68}},"174":{"start":{"line":175,"column":0},"end":{"line":175,"column":18}},"175":{"start":{"line":176,"column":0},"end":{"line":176,"column":56}},"176":{"start":{"line":177,"column":0},"end":{"line":177,"column":62}},"177":{"start":{"line":178,"column":0},"end":{"line":178,"column":18}},"178":{"start":{"line":179,"column":0},"end":{"line":179,"column":56}},"179":{"start":{"line":180,"column":0},"end":{"line":180,"column":51}},"180":{"start":{"line":181,"column":0},"end":{"line":181,"column":18}},"181":{"start":{"line":182,"column":0},"end":{"line":182,"column":18}},"182":{"start":{"line":183,"column":0},"end":{"line":183,"column":16}},"183":{"start":{"line":184,"column":0},"end":{"line":184,"column":14}},"184":{"start":{"line":185,"column":0},"end":{"line":185,"column":8}},"185":{"start":{"line":186,"column":0},"end":{"line":186,"column":0}},"186":{"start":{"line":187,"column":0},"end":{"line":187,"column":37}},"187":{"start":{"line":188,"column":0},"end":{"line":188,"column":28}},"188":{"start":{"line":189,"column":0},"end":{"line":189,"column":35}},"189":{"start":{"line":190,"column":0},"end":{"line":190,"column":79}},"190":{"start":{"line":191,"column":0},"end":{"line":191,"column":80}},"191":{"start":{"line":192,"column":0},"end":{"line":192,"column":40}},"192":{"start":{"line":193,"column":0},"end":{"line":193,"column":18}},"193":{"start":{"line":194,"column":0},"end":{"line":194,"column":39}},"194":{"start":{"line":195,"column":0},"end":{"line":195,"column":106}},"195":{"start":{"line":196,"column":0},"end":{"line":196,"column":15}},"196":{"start":{"line":197,"column":0},"end":{"line":197,"column":20}},"197":{"start":{"line":198,"column":0},"end":{"line":198,"column":27}},"198":{"start":{"line":199,"column":0},"end":{"line":199,"column":45}},"199":{"start":{"line":200,"column":0},"end":{"line":200,"column":56}},"200":{"start":{"line":201,"column":0},"end":{"line":201,"column":32}},"201":{"start":{"line":202,"column":0},"end":{"line":202,"column":18}},"202":{"start":{"line":203,"column":0},"end":{"line":203,"column":148}},"203":{"start":{"line":204,"column":0},"end":{"line":204,"column":25}},"204":{"start":{"line":205,"column":0},"end":{"line":205,"column":33}},"205":{"start":{"line":206,"column":0},"end":{"line":206,"column":58}},"206":{"start":{"line":207,"column":0},"end":{"line":207,"column":39}},"207":{"start":{"line":208,"column":0},"end":{"line":208,"column":125}},"208":{"start":{"line":209,"column":0},"end":{"line":209,"column":19}},"209":{"start":{"line":210,"column":0},"end":{"line":210,"column":45}},"210":{"start":{"line":211,"column":0},"end":{"line":211,"column":27}},"211":{"start":{"line":212,"column":0},"end":{"line":212,"column":22}},"212":{"start":{"line":213,"column":0},"end":{"line":213,"column":33}},"213":{"start":{"line":214,"column":0},"end":{"line":214,"column":123}},"214":{"start":{"line":215,"column":0},"end":{"line":215,"column":29}},"215":{"start":{"line":216,"column":0},"end":{"line":216,"column":24}},"216":{"start":{"line":217,"column":0},"end":{"line":217,"column":18}},"217":{"start":{"line":218,"column":0},"end":{"line":218,"column":20}},"218":{"start":{"line":219,"column":0},"end":{"line":219,"column":15}},"219":{"start":{"line":220,"column":0},"end":{"line":220,"column":16}},"220":{"start":{"line":221,"column":0},"end":{"line":221,"column":14}},"221":{"start":{"line":222,"column":0},"end":{"line":222,"column":8}},"222":{"start":{"line":223,"column":0},"end":{"line":223,"column":0}},"223":{"start":{"line":224,"column":0},"end":{"line":224,"column":29}},"224":{"start":{"line":225,"column":0},"end":{"line":225,"column":28}},"225":{"start":{"line":226,"column":0},"end":{"line":226,"column":35}},"226":{"start":{"line":227,"column":0},"end":{"line":227,"column":82}},"227":{"start":{"line":228,"column":0},"end":{"line":228,"column":80}},"228":{"start":{"line":229,"column":0},"end":{"line":229,"column":34}},"229":{"start":{"line":230,"column":0},"end":{"line":230,"column":18}},"230":{"start":{"line":231,"column":0},"end":{"line":231,"column":29}},"231":{"start":{"line":232,"column":0},"end":{"line":232,"column":30}},"232":{"start":{"line":233,"column":0},"end":{"line":233,"column":79}},"233":{"start":{"line":234,"column":0},"end":{"line":234,"column":41}},"234":{"start":{"line":235,"column":0},"end":{"line":235,"column":38}},"235":{"start":{"line":236,"column":0},"end":{"line":236,"column":47}},"236":{"start":{"line":237,"column":0},"end":{"line":237,"column":40}},"237":{"start":{"line":238,"column":0},"end":{"line":238,"column":39}},"238":{"start":{"line":239,"column":0},"end":{"line":239,"column":18}},"239":{"start":{"line":240,"column":0},"end":{"line":240,"column":15}},"240":{"start":{"line":241,"column":0},"end":{"line":241,"column":20}},"241":{"start":{"line":242,"column":0},"end":{"line":242,"column":36}},"242":{"start":{"line":243,"column":0},"end":{"line":243,"column":38}},"243":{"start":{"line":244,"column":0},"end":{"line":244,"column":56}},"244":{"start":{"line":245,"column":0},"end":{"line":245,"column":18}},"245":{"start":{"line":246,"column":0},"end":{"line":246,"column":0}},"246":{"start":{"line":247,"column":0},"end":{"line":247,"column":50}},"247":{"start":{"line":248,"column":0},"end":{"line":248,"column":104}},"248":{"start":{"line":249,"column":0},"end":{"line":249,"column":51}},"249":{"start":{"line":250,"column":0},"end":{"line":250,"column":22}},"250":{"start":{"line":251,"column":0},"end":{"line":251,"column":82}},"251":{"start":{"line":252,"column":0},"end":{"line":252,"column":90}},"252":{"start":{"line":253,"column":0},"end":{"line":253,"column":28}},"253":{"start":{"line":254,"column":0},"end":{"line":254,"column":84}},"254":{"start":{"line":255,"column":0},"end":{"line":255,"column":64}},"255":{"start":{"line":256,"column":0},"end":{"line":256,"column":26}},"256":{"start":{"line":257,"column":0},"end":{"line":257,"column":28}},"257":{"start":{"line":258,"column":0},"end":{"line":258,"column":64}},"258":{"start":{"line":259,"column":0},"end":{"line":259,"column":40}},"259":{"start":{"line":260,"column":0},"end":{"line":260,"column":29}},"260":{"start":{"line":261,"column":0},"end":{"line":261,"column":23}},"261":{"start":{"line":262,"column":0},"end":{"line":262,"column":20}},"262":{"start":{"line":263,"column":0},"end":{"line":263,"column":0}},"263":{"start":{"line":264,"column":0},"end":{"line":264,"column":49}},"264":{"start":{"line":265,"column":0},"end":{"line":265,"column":22}},"265":{"start":{"line":266,"column":0},"end":{"line":266,"column":82}},"266":{"start":{"line":267,"column":0},"end":{"line":267,"column":79}},"267":{"start":{"line":268,"column":0},"end":{"line":268,"column":23}},"268":{"start":{"line":269,"column":0},"end":{"line":269,"column":20}},"269":{"start":{"line":270,"column":0},"end":{"line":270,"column":0}},"270":{"start":{"line":271,"column":0},"end":{"line":271,"column":49}},"271":{"start":{"line":272,"column":0},"end":{"line":272,"column":52}},"272":{"start":{"line":273,"column":0},"end":{"line":273,"column":26}},"273":{"start":{"line":274,"column":0},"end":{"line":274,"column":45}},"274":{"start":{"line":275,"column":0},"end":{"line":275,"column":35}},"275":{"start":{"line":276,"column":0},"end":{"line":276,"column":43}},"276":{"start":{"line":277,"column":0},"end":{"line":277,"column":45}},"277":{"start":{"line":278,"column":0},"end":{"line":278,"column":23}},"278":{"start":{"line":279,"column":0},"end":{"line":279,"column":29}},"279":{"start":{"line":280,"column":0},"end":{"line":280,"column":47}},"280":{"start":{"line":281,"column":0},"end":{"line":281,"column":48}},"281":{"start":{"line":282,"column":0},"end":{"line":282,"column":41}},"282":{"start":{"line":283,"column":0},"end":{"line":283,"column":44}},"283":{"start":{"line":284,"column":0},"end":{"line":284,"column":26}},"284":{"start":{"line":285,"column":0},"end":{"line":285,"column":28}},"285":{"start":{"line":286,"column":0},"end":{"line":286,"column":26}},"286":{"start":{"line":287,"column":0},"end":{"line":287,"column":20}},"287":{"start":{"line":288,"column":0},"end":{"line":288,"column":0}},"288":{"start":{"line":289,"column":0},"end":{"line":289,"column":47}},"289":{"start":{"line":290,"column":0},"end":{"line":290,"column":67}},"290":{"start":{"line":291,"column":0},"end":{"line":291,"column":70}},"291":{"start":{"line":292,"column":0},"end":{"line":292,"column":72}},"292":{"start":{"line":293,"column":0},"end":{"line":293,"column":36}},"293":{"start":{"line":294,"column":0},"end":{"line":294,"column":29}},"294":{"start":{"line":295,"column":0},"end":{"line":295,"column":26}},"295":{"start":{"line":296,"column":0},"end":{"line":296,"column":20}},"296":{"start":{"line":297,"column":0},"end":{"line":297,"column":22}},"297":{"start":{"line":298,"column":0},"end":{"line":298,"column":0}},"298":{"start":{"line":299,"column":0},"end":{"line":299,"column":37}},"299":{"start":{"line":300,"column":0},"end":{"line":300,"column":49}},"300":{"start":{"line":301,"column":0},"end":{"line":301,"column":25}},"301":{"start":{"line":302,"column":0},"end":{"line":302,"column":33}},"302":{"start":{"line":303,"column":0},"end":{"line":303,"column":55}},"303":{"start":{"line":304,"column":0},"end":{"line":304,"column":133}},"304":{"start":{"line":305,"column":0},"end":{"line":305,"column":19}},"305":{"start":{"line":306,"column":0},"end":{"line":306,"column":45}},"306":{"start":{"line":307,"column":0},"end":{"line":307,"column":27}},"307":{"start":{"line":308,"column":0},"end":{"line":308,"column":18}},"308":{"start":{"line":309,"column":0},"end":{"line":309,"column":0}},"309":{"start":{"line":310,"column":0},"end":{"line":310,"column":33}},"310":{"start":{"line":311,"column":0},"end":{"line":311,"column":116}},"311":{"start":{"line":312,"column":0},"end":{"line":312,"column":81}},"312":{"start":{"line":313,"column":0},"end":{"line":313,"column":55}},"313":{"start":{"line":314,"column":0},"end":{"line":314,"column":52}},"314":{"start":{"line":315,"column":0},"end":{"line":315,"column":22}},"315":{"start":{"line":316,"column":0},"end":{"line":316,"column":22}},"316":{"start":{"line":317,"column":0},"end":{"line":317,"column":20}},"317":{"start":{"line":318,"column":0},"end":{"line":318,"column":15}},"318":{"start":{"line":319,"column":0},"end":{"line":319,"column":16}},"319":{"start":{"line":320,"column":0},"end":{"line":320,"column":14}},"320":{"start":{"line":321,"column":0},"end":{"line":321,"column":8}},"321":{"start":{"line":322,"column":0},"end":{"line":322,"column":0}},"322":{"start":{"line":323,"column":0},"end":{"line":323,"column":35}},"323":{"start":{"line":324,"column":0},"end":{"line":324,"column":66}},"324":{"start":{"line":325,"column":0},"end":{"line":325,"column":49}},"325":{"start":{"line":326,"column":0},"end":{"line":326,"column":66}},"326":{"start":{"line":327,"column":0},"end":{"line":327,"column":47}},"327":{"start":{"line":328,"column":0},"end":{"line":328,"column":12}},"328":{"start":{"line":329,"column":0},"end":{"line":329,"column":10}},"329":{"start":{"line":330,"column":0},"end":{"line":330,"column":4}},"330":{"start":{"line":331,"column":0},"end":{"line":331,"column":1}},"331":{"start":{"line":332,"column":0},"end":{"line":332,"column":0}},"332":{"start":{"line":333,"column":0},"end":{"line":333,"column":27}}},"s":{"0":0,"1":0,"2":0,"3":0,"4":0,"5":0,"6":0,"7":0,"8":0,"9":0,"10":0,"11":0,"12":0,"13":0,"14":0,"15":0,"16":0,"17":0,"18":0,"19":0,"20":0,"21":0,"22":0,"23":0,"24":0,"25":0,"26":0,"27":0,"28":0,"29":0,"30":0,"31":0,"32":0,"33":0,"34":0,"35":0,"36":0,"37":0,"38":0,"39":0,"40":0,"41":0,"42":0,"43":0,"44":0,"45":0,"46":0,"47":0,"48":0,"49":0,"50":0,"51":0,"52":0,"53":0,"54":0,"55":0,"56":0,"57":0,"58":0,"59":0,"60":0,"61":0,"62":0,"63":0,"64":0,"65":0,"66":0,"67":0,"68":0,"69":0,"70":0,"71":0,"72":0,"73":0,"74":0,"75":0,"76":0,"77":0,"78":0,"79":0,"80":0,"81":0,"82":0,"83":0,"84":0,"85":0,"86":0,"87":0,"88":0,"89":0,"90":0,"91":0,"92":0,"93":0,"94":0,"95":0,"96":0,"97":0,"98":0,"99":0,"100":0,"101":0,"102":0,"103":0,"104":0,"105":0,"106":0,"107":0,"108":0,"109":0,"110":0,"111":0,"112":0,"113":0,"114":0,"115":0,"116":0,"117":0,"118":0,"119":0,"120":0,"121":0,"122":0,"123":0,"124":0,"125":0,"126":0,"127":0,"128":0,"129":0,"130":0,"131":0,"132":0,"133":0,"134":0,"135":0,"136":0,"137":0,"138":0,"139":0,"140":0,"141":0,"142":0,"143":0,"144":0,"145":0,"146":0,"147":0,"148":0,"149":0,"150":0,"151":0,"152":0,"153":0,"154":0,"155":0,"156":0,"157":0,"158":0,"159":0,"160":0,"161":0,"162":0,"163":0,"164":0,"165":0,"166":0,"167":0,"168":0,"169":0,"170":0,"171":0,"172":0,"173":0,"174":0,"175":0,"176":0,"177":0,"178":0,"179":0,"180":0,"181":0,"182":0,"183":0,"184":0,"185":0,"186":0,"187":0,"188":0,"189":0,"190":0,"191":0,"192":0,"193":0,"194":0,"195":0,"196":0,"197":0,"198":0,"199":0,"200":0,"201":0,"202":0,"203":0,"204":0,"205":0,"206":0,"207":0,"208":0,"209":0,"210":0,"211":0,"212":0,"213":0,"214":0,"215":0,"216":0,"217":0,"218":0,"219":0,"220":0,"221":0,"222":0,"223":0,"224":0,"225":0,"226":0,"227":0,"228":0,"229":0,"230":0,"231":0,"232":0,"233":0,"234":0,"235":0,"236":0,"237":0,"238":0,"239":0,"240":0,"241":0,"242":0,"243":0,"244":0,"245":0,"246":0,"247":0,"248":0,"249":0,"250":0,"251":0,"252":0,"253":0,"254":0,"255":0,"256":0,"257":0,"258":0,"259":0,"260":0,"261":0,"262":0,"263":0,"264":0,"265":0,"266":0,"267":0,"268":0,"269":0,"270":0,"271":0,"272":0,"273":0,"274":0,"275":0,"276":0,"277":0,"278":0,"279":0,"280":0,"281":0,"282":0,"283":0,"284":0,"285":0,"286":0,"287":0,"288":0,"289":0,"290":0,"291":0,"292":0,"293":0,"294":0,"295":0,"296":0,"297":0,"298":0,"299":0,"300":0,"301":0,"302":0,"303":0,"304":0,"305":0,"306":0,"307":0,"308":0,"309":0,"310":0,"311":0,"312":0,"313":0,"314":0,"315":0,"316":0,"317":0,"318":0,"319":0,"320":0,"321":0,"322":0,"323":0,"324":0,"325":0,"326":0,"327":0,"328":0,"329":0,"330":0,"331":0,"332":0},"branchMap":{"0":{"type":"branch","line":1,"loc":{"start":{"line":1,"column":0},"end":{"line":333,"column":27}},"locations":[{"start":{"line":1,"column":0},"end":{"line":333,"column":27}}]}},"b":{"0":[0]},"fnMap":{"0":{"name":"(empty-report)","decl":{"start":{"line":1,"column":0},"end":{"line":333,"column":27}},"loc":{"start":{"line":1,"column":0},"end":{"line":333,"column":27}},"line":1}},"f":{"0":0}},"/root/.openclaw/workspace/projects/dulcitienda/dulcitienda-app/components/SearchDropdown.tsx":{"path":"/root/.openclaw/workspace/projects/dulcitienda/dulcitienda-app/components/SearchDropdown.tsx","all":true,"statementMap":{"0":{"start":{"line":1,"column":0},"end":{"line":1,"column":13}},"1":{"start":{"line":2,"column":0},"end":{"line":2,"column":0}},"2":{"start":{"line":3,"column":0},"end":{"line":3,"column":52}},"3":{"start":{"line":4,"column":0},"end":{"line":4,"column":40}},"4":{"start":{"line":5,"column":0},"end":{"line":5,"column":46}},"5":{"start":{"line":6,"column":0},"end":{"line":6,"column":29}},"6":{"start":{"line":7,"column":0},"end":{"line":7,"column":41}},"7":{"start":{"line":8,"column":0},"end":{"line":8,"column":74}},"8":{"start":{"line":9,"column":0},"end":{"line":9,"column":0}},"9":{"start":{"line":10,"column":0},"end":{"line":10,"column":31}},"10":{"start":{"line":11,"column":0},"end":{"line":11,"column":23}},"11":{"start":{"line":12,"column":0},"end":{"line":12,"column":1}},"12":{"start":{"line":13,"column":0},"end":{"line":13,"column":0}},"13":{"start":{"line":14,"column":0},"end":{"line":14,"column":74}},"14":{"start":{"line":15,"column":0},"end":{"line":15,"column":41}},"15":{"start":{"line":16,"column":0},"end":{"line":16,"column":46}},"16":{"start":{"line":17,"column":0},"end":{"line":17,"column":50}},"17":{"start":{"line":18,"column":0},"end":{"line":18,"column":2}},"18":{"start":{"line":19,"column":0},"end":{"line":19,"column":62}},"19":{"start":{"line":20,"column":0},"end":{"line":20,"column":49}},"20":{"start":{"line":21,"column":0},"end":{"line":21,"column":4}},"21":{"start":{"line":22,"column":0},"end":{"line":22,"column":58}},"22":{"start":{"line":23,"column":0},"end":{"line":23,"column":0}},"23":{"start":{"line":24,"column":0},"end":{"line":24,"column":19}},"24":{"start":{"line":25,"column":0},"end":{"line":25,"column":30}},"25":{"start":{"line":26,"column":0},"end":{"line":26,"column":9}},"26":{"start":{"line":27,"column":0},"end":{"line":27,"column":0}},"27":{"start":{"line":28,"column":0},"end":{"line":28,"column":51}},"28":{"start":{"line":29,"column":0},"end":{"line":29,"column":60}},"29":{"start":{"line":30,"column":0},"end":{"line":30,"column":27}},"30":{"start":{"line":31,"column":0},"end":{"line":31,"column":4}},"31":{"start":{"line":32,"column":0},"end":{"line":32,"column":0}},"32":{"start":{"line":33,"column":0},"end":{"line":33,"column":30}},"33":{"start":{"line":34,"column":0},"end":{"line":34,"column":17}},"34":{"start":{"line":35,"column":0},"end":{"line":35,"column":21}},"35":{"start":{"line":36,"column":0},"end":{"line":36,"column":16}},"36":{"start":{"line":37,"column":0},"end":{"line":37,"column":4}},"37":{"start":{"line":38,"column":0},"end":{"line":38,"column":0}},"38":{"start":{"line":39,"column":0},"end":{"line":39,"column":10}},"39":{"start":{"line":40,"column":0},"end":{"line":40,"column":37}},"40":{"start":{"line":41,"column":0},"end":{"line":41,"column":32}},"41":{"start":{"line":42,"column":0},"end":{"line":42,"column":14}},"42":{"start":{"line":43,"column":0},"end":{"line":43,"column":24}},"43":{"start":{"line":44,"column":0},"end":{"line":44,"column":21}},"44":{"start":{"line":45,"column":0},"end":{"line":45,"column":23}},"45":{"start":{"line":46,"column":0},"end":{"line":46,"column":28}},"46":{"start":{"line":47,"column":0},"end":{"line":47,"column":37}},"47":{"start":{"line":48,"column":0},"end":{"line":48,"column":50}},"48":{"start":{"line":49,"column":0},"end":{"line":49,"column":12}},"49":{"start":{"line":50,"column":0},"end":{"line":50,"column":62}},"50":{"start":{"line":51,"column":0},"end":{"line":51,"column":43}},"51":{"start":{"line":52,"column":0},"end":{"line":52,"column":141}},"52":{"start":{"line":53,"column":0},"end":{"line":53,"column":10}},"53":{"start":{"line":54,"column":0},"end":{"line":54,"column":146}},"54":{"start":{"line":55,"column":0},"end":{"line":55,"column":30}},"55":{"start":{"line":56,"column":0},"end":{"line":56,"column":14}},"56":{"start":{"line":57,"column":0},"end":{"line":57,"column":8}},"57":{"start":{"line":58,"column":0},"end":{"line":58,"column":19}},"58":{"start":{"line":59,"column":0},"end":{"line":59,"column":17}},"59":{"start":{"line":60,"column":0},"end":{"line":60,"column":28}},"60":{"start":{"line":61,"column":0},"end":{"line":61,"column":27}},"61":{"start":{"line":62,"column":0},"end":{"line":62,"column":31}},"62":{"start":{"line":63,"column":0},"end":{"line":63,"column":40}},"63":{"start":{"line":64,"column":0},"end":{"line":64,"column":14}},"64":{"start":{"line":65,"column":0},"end":{"line":65,"column":100}},"65":{"start":{"line":66,"column":0},"end":{"line":66,"column":11}},"66":{"start":{"line":67,"column":0},"end":{"line":67,"column":27}},"67":{"start":{"line":68,"column":0},"end":{"line":68,"column":19}},"68":{"start":{"line":69,"column":0},"end":{"line":69,"column":10}},"69":{"start":{"line":70,"column":0},"end":{"line":70,"column":12}},"70":{"start":{"line":71,"column":0},"end":{"line":71,"column":0}},"71":{"start":{"line":72,"column":0},"end":{"line":72,"column":30}},"72":{"start":{"line":73,"column":0},"end":{"line":73,"column":39}},"73":{"start":{"line":74,"column":0},"end":{"line":74,"column":10}},"74":{"start":{"line":75,"column":0},"end":{"line":75,"column":26}},"75":{"start":{"line":76,"column":0},"end":{"line":76,"column":15}},"76":{"start":{"line":77,"column":0},"end":{"line":77,"column":54}},"77":{"start":{"line":78,"column":0},"end":{"line":78,"column":28}},"78":{"start":{"line":79,"column":0},"end":{"line":79,"column":31}},"79":{"start":{"line":80,"column":0},"end":{"line":80,"column":26}},"80":{"start":{"line":81,"column":0},"end":{"line":81,"column":14}},"81":{"start":{"line":82,"column":0},"end":{"line":82,"column":12}},"82":{"start":{"line":83,"column":0},"end":{"line":83,"column":10}},"83":{"start":{"line":84,"column":0},"end":{"line":84,"column":25}},"84":{"start":{"line":85,"column":0},"end":{"line":85,"column":150}},"85":{"start":{"line":86,"column":0},"end":{"line":86,"column":44}},"86":{"start":{"line":87,"column":0},"end":{"line":87,"column":78}},"87":{"start":{"line":88,"column":0},"end":{"line":88,"column":46}},"88":{"start":{"line":89,"column":0},"end":{"line":89,"column":61}},"89":{"start":{"line":90,"column":0},"end":{"line":90,"column":58}},"90":{"start":{"line":91,"column":0},"end":{"line":91,"column":20}},"91":{"start":{"line":92,"column":0},"end":{"line":92,"column":17}},"92":{"start":{"line":93,"column":0},"end":{"line":93,"column":16}},"93":{"start":{"line":94,"column":0},"end":{"line":94,"column":68}},"94":{"start":{"line":95,"column":0},"end":{"line":95,"column":89}},"95":{"start":{"line":96,"column":0},"end":{"line":96,"column":22}},"96":{"start":{"line":97,"column":0},"end":{"line":97,"column":16}},"97":{"start":{"line":98,"column":0},"end":{"line":98,"column":49}},"98":{"start":{"line":99,"column":0},"end":{"line":99,"column":75}},"99":{"start":{"line":100,"column":0},"end":{"line":100,"column":83}},"100":{"start":{"line":101,"column":0},"end":{"line":101,"column":18}},"101":{"start":{"line":102,"column":0},"end":{"line":102,"column":26}},"102":{"start":{"line":103,"column":0},"end":{"line":103,"column":25}},"103":{"start":{"line":104,"column":0},"end":{"line":104,"column":39}},"104":{"start":{"line":105,"column":0},"end":{"line":105,"column":55}},"105":{"start":{"line":106,"column":0},"end":{"line":106,"column":44}},"106":{"start":{"line":107,"column":0},"end":{"line":107,"column":119}},"107":{"start":{"line":108,"column":0},"end":{"line":108,"column":21}},"108":{"start":{"line":109,"column":0},"end":{"line":109,"column":190}},"109":{"start":{"line":110,"column":0},"end":{"line":110,"column":45}},"110":{"start":{"line":111,"column":0},"end":{"line":111,"column":31}},"111":{"start":{"line":112,"column":0},"end":{"line":112,"column":48}},"112":{"start":{"line":113,"column":0},"end":{"line":113,"column":46}},"113":{"start":{"line":114,"column":0},"end":{"line":114,"column":77}},"114":{"start":{"line":115,"column":0},"end":{"line":115,"column":28}},"115":{"start":{"line":116,"column":0},"end":{"line":116,"column":29}},"116":{"start":{"line":117,"column":0},"end":{"line":117,"column":75}},"117":{"start":{"line":118,"column":0},"end":{"line":118,"column":26}},"118":{"start":{"line":119,"column":0},"end":{"line":119,"column":28}},"119":{"start":{"line":120,"column":0},"end":{"line":120,"column":22}},"120":{"start":{"line":121,"column":0},"end":{"line":121,"column":54}},"121":{"start":{"line":122,"column":0},"end":{"line":122,"column":92}},"122":{"start":{"line":123,"column":0},"end":{"line":123,"column":83}},"123":{"start":{"line":124,"column":0},"end":{"line":124,"column":28}},"124":{"start":{"line":125,"column":0},"end":{"line":125,"column":22}},"125":{"start":{"line":126,"column":0},"end":{"line":126,"column":102}},"126":{"start":{"line":127,"column":0},"end":{"line":127,"column":27}},"127":{"start":{"line":128,"column":0},"end":{"line":128,"column":20}},"128":{"start":{"line":129,"column":0},"end":{"line":129,"column":19}},"129":{"start":{"line":130,"column":0},"end":{"line":130,"column":16}},"130":{"start":{"line":131,"column":0},"end":{"line":131,"column":21}},"131":{"start":{"line":132,"column":0},"end":{"line":132,"column":65}},"132":{"start":{"line":133,"column":0},"end":{"line":133,"column":40}},"133":{"start":{"line":134,"column":0},"end":{"line":134,"column":112}},"134":{"start":{"line":135,"column":0},"end":{"line":135,"column":17}},"135":{"start":{"line":136,"column":0},"end":{"line":136,"column":44}},"136":{"start":{"line":137,"column":0},"end":{"line":137,"column":23}},"137":{"start":{"line":138,"column":0},"end":{"line":138,"column":17}},"138":{"start":{"line":139,"column":0},"end":{"line":139,"column":14}},"139":{"start":{"line":140,"column":0},"end":{"line":140,"column":16}},"140":{"start":{"line":141,"column":0},"end":{"line":141,"column":11}},"141":{"start":{"line":142,"column":0},"end":{"line":142,"column":8}},"142":{"start":{"line":143,"column":0},"end":{"line":143,"column":10}},"143":{"start":{"line":144,"column":0},"end":{"line":144,"column":4}},"144":{"start":{"line":145,"column":0},"end":{"line":145,"column":1}}},"s":{"0":0,"1":0,"2":0,"3":0,"4":0,"5":0,"6":0,"7":0,"8":0,"9":0,"10":0,"11":0,"12":0,"13":0,"14":0,"15":0,"16":0,"17":0,"18":0,"19":0,"20":0,"21":0,"22":0,"23":0,"24":0,"25":0,"26":0,"27":0,"28":0,"29":0,"30":0,"31":0,"32":0,"33":0,"34":0,"35":0,"36":0,"37":0,"38":0,"39":0,"40":0,"41":0,"42":0,"43":0,"44":0,"45":0,"46":0,"47":0,"48":0,"49":0,"50":0,"51":0,"52":0,"53":0,"54":0,"55":0,"56":0,"57":0,"58":0,"59":0,"60":0,"61":0,"62":0,"63":0,"64":0,"65":0,"66":0,"67":0,"68":0,"69":0,"70":0,"71":0,"72":0,"73":0,"74":0,"75":0,"76":0,"77":0,"78":0,"79":0,"80":0,"81":0,"82":0,"83":0,"84":0,"85":0,"86":0,"87":0,"88":0,"89":0,"90":0,"91":0,"92":0,"93":0,"94":0,"95":0,"96":0,"97":0,"98":0,"99":0,"100":0,"101":0,"102":0,"103":0,"104":0,"105":0,"106":0,"107":0,"108":0,"109":0,"110":0,"111":0,"112":0,"113":0,"114":0,"115":0,"116":0,"117":0,"118":0,"119":0,"120":0,"121":0,"122":0,"123":0,"124":0,"125":0,"126":0,"127":0,"128":0,"129":0,"130":0,"131":0,"132":0,"133":0,"134":0,"135":0,"136":0,"137":0,"138":0,"139":0,"140":0,"141":0,"142":0,"143":0,"144":0},"branchMap":{"0":{"type":"branch","line":1,"loc":{"start":{"line":1,"column":0},"end":{"line":145,"column":1}},"locations":[{"start":{"line":1,"column":0},"end":{"line":145,"column":1}}]}},"b":{"0":[0]},"fnMap":{"0":{"name":"(empty-report)","decl":{"start":{"line":1,"column":0},"end":{"line":145,"column":1}},"loc":{"start":{"line":1,"column":0},"end":{"line":145,"column":1}},"line":1}},"f":{"0":0}},"/root/.openclaw/workspace/projects/dulcitienda/dulcitienda-app/components/admin/AdminLayout.tsx":{"path":"/root/.openclaw/workspace/projects/dulcitienda/dulcitienda-app/components/admin/AdminLayout.tsx","all":true,"statementMap":{"0":{"start":{"line":1,"column":0},"end":{"line":1,"column":13}},"1":{"start":{"line":2,"column":0},"end":{"line":2,"column":0}},"2":{"start":{"line":3,"column":0},"end":{"line":3,"column":33}},"3":{"start":{"line":4,"column":0},"end":{"line":4,"column":29}},"4":{"start":{"line":5,"column":0},"end":{"line":5,"column":57}},"5":{"start":{"line":6,"column":0},"end":{"line":6,"column":8}},"6":{"start":{"line":7,"column":0},"end":{"line":7,"column":18}},"7":{"start":{"line":8,"column":0},"end":{"line":8,"column":10}},"8":{"start":{"line":9,"column":0},"end":{"line":9,"column":15}},"9":{"start":{"line":10,"column":0},"end":{"line":10,"column":6}},"10":{"start":{"line":11,"column":0},"end":{"line":11,"column":9}},"11":{"start":{"line":12,"column":0},"end":{"line":12,"column":7}},"12":{"start":{"line":13,"column":0},"end":{"line":13,"column":4}},"13":{"start":{"line":14,"column":0},"end":{"line":14,"column":14}},"14":{"start":{"line":15,"column":0},"end":{"line":15,"column":15}},"15":{"start":{"line":16,"column":0},"end":{"line":16,"column":22}},"16":{"start":{"line":17,"column":0},"end":{"line":17,"column":33}},"17":{"start":{"line":18,"column":0},"end":{"line":18,"column":48}},"18":{"start":{"line":19,"column":0},"end":{"line":19,"column":0}},"19":{"start":{"line":20,"column":0},"end":{"line":20,"column":28}},"20":{"start":{"line":21,"column":0},"end":{"line":21,"column":28}},"21":{"start":{"line":22,"column":0},"end":{"line":22,"column":1}},"22":{"start":{"line":23,"column":0},"end":{"line":23,"column":0}},"23":{"start":{"line":24,"column":0},"end":{"line":24,"column":18}},"24":{"start":{"line":25,"column":0},"end":{"line":25,"column":64}},"25":{"start":{"line":26,"column":0},"end":{"line":26,"column":64}},"26":{"start":{"line":27,"column":0},"end":{"line":27,"column":65}},"27":{"start":{"line":28,"column":0},"end":{"line":28,"column":64}},"28":{"start":{"line":29,"column":0},"end":{"line":29,"column":2}},"29":{"start":{"line":30,"column":0},"end":{"line":30,"column":0}},"30":{"start":{"line":31,"column":0},"end":{"line":31,"column":61}},"31":{"start":{"line":32,"column":0},"end":{"line":32,"column":33}},"32":{"start":{"line":33,"column":0},"end":{"line":33,"column":29}},"33":{"start":{"line":34,"column":0},"end":{"line":34,"column":59}},"34":{"start":{"line":35,"column":0},"end":{"line":35,"column":66}},"35":{"start":{"line":36,"column":0},"end":{"line":36,"column":0}},"36":{"start":{"line":37,"column":0},"end":{"line":37,"column":36}},"37":{"start":{"line":38,"column":0},"end":{"line":38,"column":9}},"38":{"start":{"line":39,"column":0},"end":{"line":39,"column":59}},"39":{"start":{"line":40,"column":0},"end":{"line":40,"column":34}},"40":{"start":{"line":41,"column":0},"end":{"line":41,"column":23}},"41":{"start":{"line":42,"column":0},"end":{"line":42,"column":21}},"42":{"start":{"line":43,"column":0},"end":{"line":43,"column":44}},"43":{"start":{"line":44,"column":0},"end":{"line":44,"column":5}},"44":{"start":{"line":45,"column":0},"end":{"line":45,"column":4}},"45":{"start":{"line":46,"column":0},"end":{"line":46,"column":0}},"46":{"start":{"line":47,"column":0},"end":{"line":47,"column":10}},"47":{"start":{"line":48,"column":0},"end":{"line":48,"column":45}},"48":{"start":{"line":49,"column":0},"end":{"line":49,"column":27}},"49":{"start":{"line":50,"column":0},"end":{"line":50,"column":89}},"50":{"start":{"line":51,"column":0},"end":{"line":51,"column":78}},"51":{"start":{"line":52,"column":0},"end":{"line":52,"column":15}},"52":{"start":{"line":53,"column":0},"end":{"line":53,"column":25}},"53":{"start":{"line":54,"column":0},"end":{"line":54,"column":21}},"54":{"start":{"line":55,"column":0},"end":{"line":55,"column":64}},"55":{"start":{"line":56,"column":0},"end":{"line":56,"column":9}},"56":{"start":{"line":57,"column":0},"end":{"line":57,"column":31}},"57":{"start":{"line":58,"column":0},"end":{"line":58,"column":37}},"58":{"start":{"line":59,"column":0},"end":{"line":59,"column":15}},"59":{"start":{"line":60,"column":0},"end":{"line":60,"column":40}},"60":{"start":{"line":61,"column":0},"end":{"line":61,"column":12}},"61":{"start":{"line":62,"column":0},"end":{"line":62,"column":17}},"62":{"start":{"line":63,"column":0},"end":{"line":63,"column":12}},"63":{"start":{"line":64,"column":0},"end":{"line":64,"column":0}},"64":{"start":{"line":65,"column":0},"end":{"line":65,"column":25}},"65":{"start":{"line":66,"column":0},"end":{"line":66,"column":28}},"66":{"start":{"line":67,"column":0},"end":{"line":67,"column":69}},"67":{"start":{"line":68,"column":0},"end":{"line":68,"column":41}},"68":{"start":{"line":69,"column":0},"end":{"line":69,"column":37}},"69":{"st
[...]
:39,"column":244},"end":{"line":40,"column":31}},"locations":[{"start":{"line":39,"column":244},"end":{"line":40,"column":31}}]},"7":{"type":"branch","line":40,"loc":{"start":{"line":40,"column":31},"end":{"line":40,"column":243}},"locations":[{"start":{"line":40,"column":31},"end":{"line":40,"column":243}}]},"8":{"type":"branch","line":40,"loc":{"start":{"line":40,"column":241},"end":{"line":41,"column":30}},"locations":[{"start":{"line":40,"column":241},"end":{"line":41,"column":30}}]},"9":{"type":"branch","line":41,"loc":{"start":{"line":41,"column":30},"end":{"line":41,"column":242}},"locations":[{"start":{"line":41,"column":30},"end":{"line":41,"column":242}}]},"10":{"type":"branch","line":41,"loc":{"start":{"line":41,"column":240},"end":{"line":42,"column":61}},"locations":[{"start":{"line":41,"column":240},"end":{"line":42,"column":61}}]},"11":{"type":"branch","line":42,"loc":{"start":{"line":42,"column":61},"end":{"line":42,"column":275}},"locations":[{"start":{"line":42,"column":61},"end":{"line":42,"column":275}}]},"12":{"type":"branch","line":42,"loc":{"start":{"line":42,"column":273},"end":{"line":43,"column":32}},"locations":[{"start":{"line":42,"column":273},"end":{"line":43,"column":32}}]},"13":{"type":"branch","line":43,"loc":{"start":{"line":43,"column":32},"end":{"line":43,"column":250}},"locations":[{"start":{"line":43,"column":32},"end":{"line":43,"column":250}}]},"14":{"type":"branch","line":43,"loc":{"start":{"line":43,"column":248},"end":{"line":44,"column":34}},"locations":[{"start":{"line":43,"column":248},"end":{"line":44,"column":34}}]},"15":{"type":"branch","line":44,"loc":{"start":{"line":44,"column":34},"end":{"line":44,"column":247}},"locations":[{"start":{"line":44,"column":34},"end":{"line":44,"column":247}}]},"16":{"type":"branch","line":44,"loc":{"start":{"line":44,"column":245},"end":{"line":45,"column":32}},"locations":[{"start":{"line":44,"column":245},"end":{"line":45,"column":32}}]},"17":{"type":"branch","line":45,"loc":{"start":{"line":45,"column":32},"end":{"line":45,"column":245}},"locations":[{"start":{"line":45,"column":32},"end":{"line":45,"column":245}}]},"18":{"type":"branch","line":45,"loc":{"start":{"line":45,"column":243},"end":{"line":46,"column":32}},"locations":[{"start":{"line":45,"column":243},"end":{"line":46,"column":32}}]},"19":{"type":"branch","line":46,"loc":{"start":{"line":46,"column":32},"end":{"line":46,"column":245}},"locations":[{"start":{"line":46,"column":32},"end":{"line":46,"column":245}}]},"20":{"type":"branch","line":46,"loc":{"start":{"line":46,"column":243},"end":{"line":47,"column":28}},"locations":[{"start":{"line":46,"column":243},"end":{"line":47,"column":28}}]},"21":{"type":"branch","line":47,"loc":{"start":{"line":47,"column":28},"end":{"line":47,"column":241}},"locations":[{"start":{"line":47,"column":28},"end":{"line":47,"column":241}}]},"22":{"type":"branch","line":47,"loc":{"start":{"line":47,"column":239},"end":{"line":48,"column":51}},"locations":[{"start":{"line":47,"column":239},"end":{"line":48,"column":51}}]},"23":{"type":"branch","line":48,"loc":{"start":{"line":48,"column":51},"end":{"line":48,"column":267}},"locations":[{"start":{"line":48,"column":51},"end":{"line":48,"column":267}}]},"24":{"type":"branch","line":48,"loc":{"start":{"line":48,"column":265},"end":{"line":49,"column":33}},"locations":[{"start":{"line":48,"column":265},"end":{"line":49,"column":33}}]},"25":{"type":"branch","line":49,"loc":{"start":{"line":49,"column":33},"end":{"line":49,"column":249}},"locations":[{"start":{"line":49,"column":33},"end":{"line":49,"column":249}}]},"26":{"type":"branch","line":49,"loc":{"start":{"line":49,"column":247},"end":{"line":50,"column":29}},"locations":[{"start":{"line":49,"column":247},"end":{"line":50,"column":29}}]},"27":{"type":"branch","line":50,"loc":{"start":{"line":50,"column":29},"end":{"line":50,"column":243}},"locations":[{"start":{"line":50,"column":29},"end":{"line":50,"column":243}}]},"28":{"type":"branch","line":50,"loc":{"start":{"line":50,"column":241},"end":{"line":51,"column":36}},"locations":[{"start":{"line":50,"column":241},"end":{"line":51,"column":36}}]},"29":{"type":"branch","line":51,"loc":{"start":{"line":51,"column":36},"end":{"line":51,"column":250}},"locations":[{"start":{"line":51,"column":36},"end":{"line":51,"column":250}}]},"30":{"type":"branch","line":51,"loc":{"start":{"line":51,"column":248},"end":{"line":52,"column":28}},"locations":[{"start":{"line":51,"column":248},"end":{"line":52,"column":28}}]},"31":{"type":"branch","line":52,"loc":{"start":{"line":52,"column":28},"end":{"line":52,"column":242}},"locations":[{"start":{"line":52,"column":28},"end":{"line":52,"column":242}}]},"32":{"type":"branch","line":52,"loc":{"start":{"line":52,"column":240},"end":{"line":53,"column":30}},"locations":[{"start":{"line":52,"column":240},"end":{"line":53,"column":30}}]},"33":{"type":"branch","line":53,"loc":{"start":{"line":53,"column":30},"end":{"line":53,"column":244}},"locations":[{"start":{"line":53,"column":30},"end":{"line":53,"column":244}}]},"34":{"type":"branch","line":53,"loc":{"start":{"line":53,"column":242},"end":{"line":54,"column":32}},"locations":[{"start":{"line":53,"column":242},"end":{"line":54,"column":32}}]},"35":{"type":"branch","line":54,"loc":{"start":{"line":54,"column":32},"end":{"line":54,"column":248}},"locations":[{"start":{"line":54,"column":32},"end":{"line":54,"column":248}}]},"36":{"type":"branch","line":54,"loc":{"start":{"line":54,"column":246},"end":{"line":55,"column":29}},"locations":[{"start":{"line":54,"column":246},"end":{"line":55,"column":29}}]},"37":{"type":"branch","line":55,"loc":{"start":{"line":55,"column":29},"end":{"line":55,"column":245}},"locations":[{"start":{"line":55,"column":29},"end":{"line":55,"column":245}}]},"38":{"type":"branch","line":55,"loc":{"start":{"line":55,"column":243},"end":{"line":56,"column":31}},"locations":[{"start":{"line":55,"column":243},"end":{"line":56,"column":31}}]},"39":{"type":"branch","line":56,"loc":{"start":{"line":56,"column":31},"end":{"line":56,"column":245}},"locations":[{"start":{"line":56,"column":31},"end":{"line":56,"column":245}}]},"40":{"type":"branch","line":56,"loc":{"start":{"line":56,"column":243},"end":{"line":57,"column":34}},"locations":[{"start":{"line":56,"column":243},"end":{"line":57,"column":34}}]},"41":{"type":"branch","line":57,"loc":{"start":{"line":57,"column":20},"end":{"line":57,"column":57}},"locations":[{"start":{"line":57,"column":20},"end":{"line":57,"column":57}}]},"42":{"type":"branch","line":57,"loc":{"start":{"line":57,"column":57},"end":{"line":57,"column":268}},"locations":[{"start":{"line":57,"column":57},"end":{"line":57,"column":268}}]},"43":{"type":"branch","line":57,"loc":{"start":{"line":57,"column":266},"end":{"line":58,"column":30}},"locations":[{"start":{"line":57,"column":266},"end":{"line":58,"column":30}}]},"44":{"type":"branch","line":58,"loc":{"start":{"line":58,"column":30},"end":{"line":58,"column":241}},"locations":[{"start":{"line":58,"column":30},"end":{"line":58,"column":241}}]},"45":{"type":"branch","line":58,"loc":{"start":{"line":58,"column":239},"end":{"line":59,"column":31}},"locations":[{"start":{"line":58,"column":239},"end":{"line":59,"column":31}}]},"46":{"type":"branch","line":59,"loc":{"start":{"line":59,"column":31},"end":{"line":59,"column":247}},"locations":[{"start":{"line":59,"column":31},"end":{"line":59,"column":247}}]},"47":{"type":"branch","line":59,"loc":{"start":{"line":59,"column":245},"end":{"line":60,"column":30}},"locations":[{"start":{"line":59,"column":245},"end":{"line":60,"column":30}}]},"48":{"type":"branch","line":60,"loc":{"start":{"line":60,"column":30},"end":{"line":60,"column":244}},"locations":[{"start":{"line":60,"column":30},"end":{"line":60,"column":244}}]},"49":{"type":"branch","line":60,"loc":{"start":{"line":60,"column":242},"end":{"line":61,"column":33}},"locations":[{"start":{"line":60,"column":242},"end":{"line":61,"column":33}}]},"50":{"type":"branch","line":61,"loc":{"start":{"line":61,"column":33},"end":{"line":61,"column":249}},"locations":[{"start":{"line":61,"column":33},"end":{"line":61,"column":249}}]},"51":{"type":"branch","line":61,"loc":{"start":{"line":61,"column":247},"end":{"line":62,"column":54}},"locations":[{"start":{"line":61,"column":247},"end":{"line":62,"column":54}}]},"52":{"type":"branch","line":62,"loc":{"start":{"line":62,"column":54},"end":{"line":62,"column":268}},"locations":[{"start":{"line":62,"column":54},"end":{"line":62,"column":268}}]},"53":{"type":"branch","line":62,"loc":{"start":{"line":62,"column":266},"end":{"line":63,"column":29}},"locations":[{"start":{"line":62,"column":266},"end":{"line":63,"column":29}}]},"54":{"type":"branch","line":63,"loc":{"start":{"line":63,"column":29},"end":{"line":63,"column":245}},"locations":[{"start":{"line":63,"column":29},"end":{"line":63,"column":245}}]},"55":{"type":"branch","line":63,"loc":{"start":{"line":63,"column":243},"end":{"line":64,"column":33}},"locations":[{"start":{"line":63,"column":243},"end":{"line":64,"column":33}}]},"56":{"type":"branch","line":64,"loc":{"start":{"line":64,"column":33},"end":{"line":65,"column":31}},"locations":[{"start":{"line":64,"column":33},"end":{"line":65,"column":31}}]},"57":{"type":"branch","line":65,"loc":{"start":{"line":65,"column":31},"end":{"line":65,"column":245}},"locations":[{"start":{"line":65,"column":31},"end":{"line":65,"column":245}}]},"58":{"type":"branch","line":65,"loc":{"start":{"line":65,"column":243},"end":{"line":66,"column":31}},"locations":[{"start":{"line":65,"column":243},"end":{"line":66,"column":31}}]},"59":{"type":"branch","line":66,"loc":{"start":{"line":66,"column":31},"end":{"line":66,"column":244}},"locations":[{"start":{"line":66,"column":31},"end":{"line":66,"column":244}}]},"60":{"type":"branch","line":66,"loc":{"start":{"line":66,"column":242},"end":{"line":70,"column":1}},"locations":[{"start":{"line":66,"column":242},"end":{"line":70,"column":1}}]},"61":{"type":"branch","line":22,"loc":{"start":{"line":22,"column":52},"end":{"line":23,"column":76}},"locations":[{"start":{"line":22,"column":52},"end":{"line":23,"column":76}}]}},"b":{"0":[15],"1":[6],"2":[9],"3":[2],"4":[7],"5":[0],"6":[7],"7":[0],"8":[7],"9":[0],"10":[7],"11":[0],"12":[7],"13":[0],"14":[7],"15":[0],"16":[7],"17":[0],"18":[7],"19":[0],"20":[7],"21":[0],"22":[7],"23":[0],"24":[7],"25":[0],"26":[7],"27":[0],"28":[7],"29":[0],"30":[7],"31":[0],"32":[7],"33":[0],"34":[7],"35":[1],"36":[6],"37":[1],"38":[5],"39":[0],"40":[5],"41":[4],"42":[1],"43":[4],"44":[1],"45":[3],"46":[0],"47":[3],"48":[0],"49":[3],"50":[1],"51":[2],"52":[0],"53":[2],"54":[0],"55":[2],"56":[1],"57":[0],"58":[1],"59":[0],"60":[1],"61":[160]},"fnMap":{"0":{"name":"getProductImageUrl","decl":{"start":{"line":20,"column":7},"end":{"line":70,"column":1}},"loc":{"start":{"line":20,"column":7},"end":{"line":70,"column":1}},"line":20}},"f":{"0":15}},"/root/.openclaw/workspace/projects/dulcitienda/dulcitienda-app/lib/utils.ts":{"path":"/root/.openclaw/workspace/projects/dulcitienda/dulcitienda-app/lib/utils.ts","all":false,"statementMap":{"0":{"start":{"line":1,"column":0},"end":{"line":1,"column":44}},"1":{"start":{"line":2,"column":0},"end":{"line":2,"column":40}},"2":{"start":{"line":3,"column":0},"end":{"line":3,"column":0}},"3":{"start":{"line":4,"column":0},"end":{"line":4,"column":45}},"4":{"start":{"line":5,"column":0},"end":{"line":5,"column":30}},"5":{"start":{"line":6,"column":0},"end":{"line":6,"column":1}}},"s":{"0":1,"1":1,"2":1,"3":1,"4":51,"5":51},"branchMap":{"0":{"type":"branch","line":4,"loc":{"start":{"line":4,"column":7},"end":{"line":6,"column":1}},"locations":[{"start":{"line":4,"column":7},"end":{"line":6,"column":1}}]}},"b":{"0":[51]},"fnMap":{"0":{"name":"cn","decl":{"start":{"line":4,"column":7},"end":{"line":6,"column":1}},"loc":{"start":{"line":4,"column":7},"end":{"line":6,"column":1}},"line":4}},"f":{"0":51}},"/root/.openclaw/workspace/projects/dulcitienda/dulcitienda-app/lib/validation.ts":{"path":"/root/.openclaw/workspace/projects/dulcitienda/dulcitienda-app/lib/validation.ts","all":false,"statementMap":{"0":{"start":{"line":1,"column":0},"end":{"line":1,"column":24}},"1":{"start":{"line":2,"column":0},"end":{"line":2,"column":0}},"2":{"start":{"line":3,"column":0},"end":{"line":3,"column":26}},"3":{"start":{"line":4,"column":0},"end":{"line":4,"column":43}},"4":{"start":{"line":5,"column":0},"end":{"line":5,"column":57}},"5":{"start":{"line":6,"column":0},"end":{"line":6,"column":58}},"6":{"start":{"line":7,"column":0},"end":{"line":7,"column":64}},"7":{"start":{"line":8,"column":0},"end":{"line":8,"column":0}},"8":{"start":{"line":9,"column":0},"end":{"line":9,"column":23}},"9":{"start":{"line":10,"column":0},"end":{"line":10,"column":40}},"10":{"start":{"line":11,"column":0},"end":{"line":11,"column":31}},"11":{"start":{"line":12,"column":0},"end":{"line":12,"column":35}},"12":{"start":{"line":13,"column":0},"end":{"line":13,"column":33}},"13":{"start":{"line":14,"column":0},"end":{"line":14,"column":31}},"14":{"start":{"line":15,"column":0},"end":{"line":15,"column":51}},"15":{"start":{"line":16,"column":0},"end":{"line":16,"column":40}},"16":{"start":{"line":17,"column":0},"end":{"line":17,"column":3}},"17":{"start":{"line":18,"column":0},"end":{"line":18,"column":0}},"18":{"start":{"line":19,"column":0},"end":{"line":19,"column":22}},"19":{"start":{"line":20,"column":0},"end":{"line":20,"column":40}},"20":{"start":{"line":21,"column":0},"end":{"line":21,"column":8}},"21":{"start":{"line":22,"column":0},"end":{"line":22,"column":13}},"22":{"start":{"line":23,"column":0},"end":{"line":23,"column":42}},"23":{"start":{"line":24,"column":0},"end":{"line":24,"column":0}},"24":{"start":{"line":25,"column":0},"end":{"line":25,"column":17}},"25":{"start":{"line":26,"column":0},"end":{"line":26,"column":35}},"26":{"start":{"line":27,"column":0},"end":{"line":27,"column":9}},"27":{"start":{"line":28,"column":0},"end":{"line":28,"column":10}},"28":{"start":{"line":29,"column":0},"end":{"line":29,"column":42}},"29":{"start":{"line":30,"column":0},"end":{"line":30,"column":0}},"30":{"start":{"line":31,"column":0},"end":{"line":31,"column":38}},"31":{"start":{"line":32,"column":0},"end":{"line":32,"column":37}},"32":{"start":{"line":33,"column":0},"end":{"line":33,"column":59}},"33":{"start":{"line":34,"column":0},"end":{"line":34,"column":0}},"34":{"start":{"line":35,"column":0},"end":{"line":35,"column":19}},"35":{"start":{"line":36,"column":0},"end":{"line":36,"column":37}},"36":{"start":{"line":37,"column":0},"end":{"line":37,"column":39}},"37":{"start":{"line":38,"column":0},"end":{"line":38,"column":12}},"38":{"start":{"line":39,"column":0},"end":{"line":39,"column":0}},"39":{"start":{"line":40,"column":0},"end":{"line":40,"column":30}},"40":{"start":{"line":41,"column":0},"end":{"line":41,"column":55}},"41":{"start":{"line":42,"column":0},"end":{"line":42,"column":14}},"42":{"start":{"line":43,"column":0},"end":{"line":43,"column":26}},"43":{"start":{"line":44,"column":0},"end":{"line":44,"column":26}},"44":{"start":{"line":45,"column":0},"end":{"line":45,"column":28}},"45":{"start":{"line":46,"column":0},"end":{"line":46,"column":28}},"46":{"start":{"line":47,"column":0},"end":{"line":47,"column":12}},"47":{"start":{"line":48,"column":0},"end":{"line":48,"column":1}},"48":{"start":{"line":49,"column":0},"end":{"line":49,"column":0}},"49":{"start":{"line":50,"column":0},"end":{"line":50,"column":37}},"50":{"start":{"line":51,"column":0},"end":{"line":51,"column":108}},"51":{"start":{"line":52,"column":0},"end":{"line":52,"column":7}},"52":{"start":{"line":53,"column":0},"end":{"line":53,"column":44}},"53":{"start":{"line":54,"column":0},"end":{"line":54,"column":39}},"54":{"start":{"line":55,"column":0},"end":{"line":55,"column":38}},"55":{"start":{"line":56,"column":0},"end":{"line":56,"column":19}},"56":{"start":{"line":57,"column":0},"end":{"line":57,"column":38}},"57":{"start":{"line":58,"column":0},"end":{"line":58,"column":88}},"58":{"start":{"line":59,"column":0},"end":{"line":59,"column":5}},"59":{"start":{"line":60,"column":0},"end":{"line":60,"column":58}},"60":{"start":{"line":61,"column":0},"end":{"line":61,"column":3}},"61":{"start":{"line":62,"column":0},"end":{"line":62,"column":1}},"62":{"start":{"line":63,"column":0},"end":{"line":63,"column":0}},"63":{"start":{"line":64,"column":0},"end":{"line":64,"column":21}},"64":{"start":{"line":65,"column":0},"end":{"line":65,"column":124}},"65":{"start":{"line":66,"column":0},"end":{"line":66,"column":7}},"66":{"start":{"line":67,"column":0},"end":{"line":67,"column":44}},"67":{"start":{"line":68,"column":0},"end":{"line":68,"column":33}},"68":{"start":{"line":69,"column":0},"end":{"line":69,"column":19}},"69":{"start":{"line":70,"column":0},"end":{"line":70,"column":38}},"70":{"start":{"line":71,"column":0},"end":{"line":71,"column":88}},"71":{"start":{"line":72,"column":0},"end":{"line":72,"column":5}},"72":{"start":{"line":73,"column":0},"end":{"line":73,"column":58}},"73":{"start":{"line":74,"column":0},"end":{"line":74,"column":3}},"74":{"start":{"line":75,"column":0},"end":{"line":75,"column":1}}},"s":{"0":1,"1":1,"2":1,"3":1,"4":1,"5":1,"6":1,"7":1,"8":1,"9":1,"10":1,"11":1,"12":1,"13":1,"14":1,"15":1,"16":1,"17":1,"18":1,"19":1,"20":1,"21":1,"22":1,"23":1,"24":1,"25":1,"26":1,"27":1,"28":1,"29":1,"30":1,"31":1,"32":1,"33":1,"34":1,"35":1,"36":1,"37":1,"38":1,"39":1,"40":1,"41":10,"42":10,"43":10,"44":10,"45":10,"46":10,"47":10,"48":1,"49":1,"50":1,"51":3,"52":3,"53":3,"54":3,"55":3,"56":2,"57":2,"58":2,"59":0,"60":0,"61":3,"62":1,"63":1,"64":1,"65":3,"66":3,"67":3,"68":3,"69":2,"70":2,"71":2,"72":0,"73":0,"74":3},"branchMap":{"0":{"type":"branch","line":41,"loc":{"start":{"line":41,"column":7},"end":{"line":48,"column":1}},"locations":[{"start":{"line":41,"column":7},"end":{"line":48,"column":1}}]},"1":{"type":"branch","line":51,"loc":{"start":{"line":51,"column":7},"end":{"line":62,"column":1}},"locations":[{"start":{"line":51,"column":7},"end":{"line":62,"column":1}}]},"2":{"type":"branch","line":56,"loc":{"start":{"line":56,"column":4},"end":{"line":61,"column":3}},"locations":[{"start":{"line":56,"column":4},"end":{"line":61,"column":3}}]},"3":{"type":"branch","line":58,"loc":{"start":{"line":58,"column":53},"end":{"line":58,"column":86}},"locations":[{"start":{"line":58,"column":53},"end":{"line":58,"column":86}}]},"4":{"type":"branch","line":59,"loc":{"start":{"line":59,"column":4},"end":{"line":61,"column":3}},"locations":[{"start":{"line":59,"column":4},"end":{"line":61,"column":3}}]},"5":{"type":"branch","line":65,"loc":{"start":{"line":65,"column":7},"end":{"line":75,"column":1}},"locations":[{"start":{"line":65,"column":7},"end":{"line":75,"column":1}}]},"6":{"type":"branch","line":69,"loc":{"start":{"line":69,"column":4},"end":{"line":74,"column":3}},"locations":[{"start":{"line":69,"column":4},"end":{"line":74,"column":3}}]},"7":{"type":"branch","line":71,"loc":{"start":{"line":71,"column":53},"end":{"line":71,"column":86}},"locations":[{"start":{"line":71,"column":53},"end":{"line":71,"column":86}}]},"8":{"type":"branch","line":72,"loc":{"start":{"line":72,"column":4},"end":{"line":74,"column":3}},"locations":[{"start":{"line":72,"column":4},"end":{"line":74,"column":3}}]}},"b":{"0":[10],"1":[3],"2":[2],"3":[0],"4":[0],"5":[3],"6":[2],"7":[0],"8":[0]},"fnMap":{"0":{"name":"sanitizeString","decl":{"start":{"line":41,"column":7},"end":{"line":48,"column":1}},"loc":{"start":{"line":41,"column":7},"end":{"line":48,"column":1}},"line":41},"1":{"name":"validateSearchQuery","decl":{"start":{"line":51,"column":7},"end":{"line":62,"column":1}},"loc":{"start":{"line":51,"column":7},"end":{"line":62,"column":1}},"line":51},"2":{"name":"validateCartItem","decl":{"start":{"line":65,"column":7},"end":{"line":75,"column":1}},"loc":{"start":{"line":65,"column":7},"end":{"line":75,"column":1}},"line":65}},"f":{"0":10,"1":3,"2":3}}}}
